100

15 100
18 46
48 45
45 19
39 49
49 1
40 4
6 31
16 15
18 37
28 18
22 15
4 6
25 41
23 8
22 22
15 100
34 40
43 5
8 37
25 47
10 48
22 50
1 28
31 43
18 49
29 46
41 25
10 45
32 35
9 29
17 31
15 100
25 1
46 17
31 3
4 5
25 14
2 47
38 29
25 18
21 43
41 24
38 5
50 48
0 5
6 9
34 24
15 100
15 8
50 10
26 30
13 4
36 12
18 12
9 5
41 34
49 36
0 13
35 38
19 34
9 44
13 40
2 47
15 100
13 42
29 37
1 4
17 40
8 27
1 0
13 10
31 4
18 3
40 18
41 49
30 9
32 13
27 45
3 30
15 100
15 41
46 45
28 48
23 19
11 6
20 12
31 33
48 36
37 40
39 1
33 4
50 37
38 6
0 15
25 28
15 100
19 15
18 14
9 20
11 6
39 22
12 33
9 18
16 6
3 27
20 17
2 2
21 27
40 8
33 14
23 32
15 100
42 42
47 9
6 30
4 42
11 17
14 23
0 48
41 16
28 19
17 48
36 20
25 6
47 14
14 3
28 12
15 100
9 19
3 31
2 34
10 6
26 21
24 14
19 24
11 34
14 39
2 31
10 12
25 35
18 46
23 7
49 0
15 100
19 33
44 47
13 47
31 48
27 31
44 25
45 37
49 30
20 37
43 48
43 2
9 17
12 2
13 35
34 36
15 100
10 27
18 3
23 5
24 28
3 26
8 21
0 27
7 24
31 1
10 23
49 2
0 33
45 12
9 32
21 43
15 100
42 31
19 35
9 16
40 33
45 17
33 27
38 34
29 45
7 9
21 17
7 19
45 32
26 13
44 35
45 39
15 100
1 36
20 20
45 3
37 35
36 5
26 44
32 14
27 35
33 34
19 3
25 26
48 44
7 23
6 25
33 25
15 100
13 34
36 7
29 30
10 15
14 21
20 41
14 26
29 15
11 11
23 4
40 48
30 37
42 11
34 22
36 41
15 100
48 23
50 7
5 28
37 40
17 26
10 11
41 49
11 19
38 47
4 10
0 18
8 30
29 24
41 38
20 0
15 100
28 42
49 1
49 3
29 36
43 20
11 28
31 26
0 43
19 39
39 23
49 40
16 31
44 45
4 9
32 50
15 100
9 35
41 7
36 40
10 40
25 28
9 10
5 15
36 30
32 4
18 45
1 42
34 17
22 2
37 1
11 18
15 100
0 45
27 41
2 13
4 37
27 3
39 36
13 18
25 23
49 6
1 41
1 28
32 9
45 29
36 5
4 47
15 100
49 4
16 25
19 18
38 49
29 14
1 43
25 15
10 50
12 33
31 14
24 32
42 30
15 10
33 1
16 37
15 100
22 14
41 38
39 35
30 1
33 34
40 34
26 39
23 10
13 36
44 44
24 42
50 15
21 39
50 29
40 40
15 100
15 37
3 31
24 17
15 4
43 22
38 6
30 38
46 28
48 33
13 41
0 11
32 50
0 28
12 50
6 27
15 100
40 21
13 17
26 37
8 41
15 0
37 2
32 17
40 1
45 12
34 32
2 34
17 9
7 17
11 44
16 42
15 100
20 5
37 33
48 13
20 5
3 9
31 15
12 12
6 26
13 25
38 21
6 15
29 23
24 36
14 9
29 30
15 100
0 24
10 37
6 7
50 0
37 28
10 17
43 47
3 23
47 41
48 35
36 28
24 14
25 22
24 39
31 3
15 100
18 31
27 2
42 7
34 42
8 21
44 18
12 10
39 41
33 35
5 30
44 42
7 17
5 6
39 30
45 19
15 100
7 37
24 8
14 41
15 48
32 23
43 50
15 30
9 28
20 16
13 25
46 6
41 27
24 47
7 37
26 1
15 100
31 33
12 29
41 26
19 30
24 25
28 41
24 17
20 7
46 14
23 8
14 43
39 4
44 12
0 0
24 0
15 100
1 4
7 14
33 22
14 2
2 38
27 4
3 26
21 23
33 16
12 6
49 26
49 38
4 43
24 30
43 48
15 100
4 19
1 12
7 9
8 21
36 10
34 37
14 37
12 10
9 46
26 46
26 25
46 24
12 0
41 36
4 8
15 100
34 8
27 9
20 34
43 29
29 2
13 12
40 2
49 26
12 33
46 38
28 21
37 24
20 49
49 35
9 2
15 100
43 17
10 19
0 31
27 44
34 6
20 47
18 9
49 42
10 35
24 5
23 1
1 9
50 46
33 48
30 16
15 100
50 23
33 10
42 7
15 44
25 49
50 46
19 42
29 43
33 39
27 6
19 24
33 20
8 32
15 15
4 19
15 100
31 3
42 38
38 8
45 27
1 20
50 25
40 19
41 18
36 24
7 37
4 26
11 11
20 44
18 9
8 22
15 100
28 13
50 20
25 38
2 19
14 28
13 14
2 2
7 17
21 43
41 2
3 20
2 14
31 47
32 49
5 40
15 100
45 7
27 45
1 1
6 3
21 45
31 8
33 7
11 14
25 6
31 40
8 35
9 35
49 15
31 31
38 36
15 100
45 33
17 47
1 19
48 7
22 43
26 28
1 9
9 37
23 34
43 4
49 25
39 32
9 11
47 40
16 35
15 100
50 36
42 16
32 43
9 3
24 32
47 50
34 22
33 43
33 6
1 50
35 24
24 48
5 7
33 2
21 24
15 100
11 45
34 27
35 15
44 45
43 17
0 13
41 34
35 24
0 42
4 26
41 13
50 39
10 5
20 17
32 41
15 100
41 17
9 24
44 45
13 37
39 31
28 13
44 18
21 3
42 46
45 46
22 36
8 46
49 43
25 19
10 31
15 100
34 25
48 44
24 15
38 11
1 0
42 29
13 10
22 34
13 13
29 7
34 25
17 42
46 16
9 20
9 44
15 100
1 43
18 23
36 16
39 48
2 14
48 18
18 35
28 40
43 41
2 47
23 36
21 14
2 41
4 11
11 13
15 100
29 37
6 47
9 16
38 22
14 40
37 36
32 4
21 10
44 38
25 20
34 22
31 30
37 33
20 41
18 31
15 100
29 47
42 9
17 1
25 29
48 39
43 34
25 25
12 20
35 5
7 9
0 42
32 31
21 43
13 15
7 5
15 100
47 36
1 12
45 43
38 20
22 36
33 14
19 32
39 6
26 23
36 34
7 36
50 13
16 45
30 3
9 37
15 100
8 30
48 34
43 42
27 30
36 23
15 44
37 9
25 26
15 26
23 0
9 4
37 33
42 27
27 21
5 36
15 100
33 13
41 30
22 33
21 23
12 32
46 2
50 32
11 49
32 26
24 30
0 33
8 11
40 0
39 16
46 44
15 100
27 28
31 17
7 27
24 3
50 36
35 45
38 34
1 23
32 33
23 31
37 24
13 46
9 28
46 22
44 15
15 100
40 45
44 21
36 0
22 9
3 22
20 12
41 32
20 42
5 27
50 28
7 36
26 45
31 36
22 0
7 41
15 100
16 22
35 34
17 46
8 39
4 12
10 24
49 1
6 44
17 11
20 16
13 1
2 14
46 7
50 43
33 31
15 100
33 23
2 42
6 19
37 39
8 16
25 43
40 24
18 20
42 36
5 11
1 19
37 28
33 32
10 6
49 17
15 100
37 5
40 14
48 20
33 8
8 15
24 34
33 39
32 0
8 23
36 14
8 12
7 45
40 14
0 24
45 50
15 100
41 5
4 4
19 26
24 27
9 7
16 33
15 49
46 47
50 4
44 9
43 1
21 24
46 36
12 20
9 6
15 100
19 25
11 49
29 5
24 28
32 7
35 48
41 50
21 10
20 20
14 38
29 31
39 0
29 8
10 41
28 44
15 100
47 22
18 33
20 48
38 18
25 19
26 34
41 41
7 11
0 1
5 40
39 35
20 27
9 24
9 19
14 37
15 100
12 36
33 5
18 2
2 5
46 1
49 21
9 39
36 41
25 10
42 30
50 4
39 45
31 48
18 14
41 6
15 100
25 28
42 8
33 9
10 9
39 30
35 37
0 44
0 10
8 25
21 50
29 20
3 18
39 8
15 6
47 31
15 100
13 21
8 29
29 15
39 14
24 27
44 33
39 19
0 39
29 8
13 24
32 42
19 9
9 7
17 50
39 38
15 100
30 26
8 12
4 12
27 17
26 25
19 44
7 7
12 7
46 16
40 33
14 21
24 33
30 8
15 21
32 3
15 100
8 36
3 41
48 7
2 49
25 2
48 44
47 4
0 33
36 20
49 50
2 38
20 0
20 24
8 35
45 14
15 100
12 27
50 15
42 21
48 45
44 47
21 41
40 17
19 14
0 29
8 23
28 10
10 48
10 5
46 44
14 14
15 100
32 1
41 32
16 7
27 13
26 21
9 47
36 23
14 5
11 39
34 19
36 12
29 47
34 14
26 30
32 40
15 100
44 13
15 35
19 32
16 47
19 42
42 3
38 27
0 26
32 12
14 16
5 0
2 9
21 36
23 21
15 29
15 100
35 9
42 0
18 11
32 34
32 25
25 23
28 12
24 3
39 6
15 27
47 20
27 49
3 22
8 26
43 24
15 100
29 28
33 21
28 25
6 34
8 12
8 7
9 11
44 33
14 6
13 3
34 34
48 35
6 1
7 15
1 24
15 100
39 31
26 46
26 3
20 32
11 2
18 45
9 27
30 2
34 44
9 22
21 43
5 18
1 12
19 33
1 46
15 100
7 14
26 33
9 1
11 3
7 47
5 25
41 39
26 20
41 9
38 24
5 8
41 11
1 43
48 45
25 49
15 100
40 6
12 15
14 46
41 50
49 48
46 28
47 37
16 22
31 31
6 19
30 36
1 20
47 2
37 44
48 37
15 100
16 37
43 2
27 31
48 17
30 20
15 26
48 36
37 38
33 42
44 13
10 23
49 37
43 46
39 4
13 10
15 100
41 4
48 7
6 24
39 29
15 18
49 4
18 21
41 29
33 23
21 26
36 5
23 8
42 41
28 5
45 16
15 100
15 35
20 37
42 0
35 30
29 0
23 2
4 15
23 45
19 30
42 14
31 1
44 3
10 10
44 12
15 38
15 100
28 4
22 22
42 14
23 0
18 26
0 41
28 5
31 25
24 50
5 41
38 36
42 31
39 26
41 7
39 30
15 100
45 41
35 17
13 0
5 36
0 23
36 1
39 14
31 44
13 29
17 18
44 4
28 36
9 42
36 0
49 49
15 100
30 43
40 39
34 2
39 13
12 40
37 48
15 50
36 20
17 50
23 34
42 17
12 20
27 21
36 12
21 34
15 100
11 26
0 25
14 9
1 3
22 13
17 33
35 6
6 21
0 23
20 23
6 11
40 43
5 41
14 41
28 9
15 100
49 13
35 50
38 50
33 39
27 4
26 44
38 10
50 18
31 24
42 25
47 22
11 11
15 16
1 3
7 29
15 100
12 5
42 48
29 3
21 11
42 48
41 42
15 28
2 39
20 7
12 11
33 8
8 44
44 23
9 20
0 41
15 100
49 12
21 15
9 50
43 4
36 9
1 26
0 16
28 27
4 48
35 16
34 42
50 42
35 43
39 18
12 39
15 100
34 36
0 4
25 35
28 17
39 13
26 41
13 1
31 41
28 36
13 12
26 47
3 25
12 12
43 0
5 4
15 100
39 39
14 13
17 39
48 45
6 11
33 6
26 20
7 6
11 36
16 49
22 17
45 26
16 6
12 8
31 17
15 100
38 19
5 1
6 22
41 4
42 21
40 49
1 15
18 9
46 3
19 12
1 41
29 20
41 45
0 3
28 31
15 100
20 15
24 0
16 31
47 31
9 38
1 49
10 3
38 29
37 33
32 5
45 8
20 48
28 36
17 29
39 45
15 100
9 33
9 8
7 25
39 4
6 48
16 32
20 27
9 7
5 46
40 11
0 9
19 46
6 48
31 23
0 44
15 100
42 34
26 0
42 34
0 30
12 31
1 28
12 46
4 22
2 34
17 17
46 43
26 14
12 6
36 43
4 36
15 100
36 46
20 36
21 36
44 21
16 5
1 42
8 38
38 37
9 14
21 1
31 41
18 31
29 30
12 40
22 16
15 100
25 32
36 19
42 6
30 36
27 20
15 2
11 23
41 23
10 24
38 5
25 43
20 17
24 49
47 36
38 43
15 100
26 38
49 11
31 41
43 35
26 19
4 41
47 16
39 11
13 23
35 0
2 35
44 22
1 42
45 23
1 7
15 100
15 27
19 14
12 24
29 4
9 4
49 13
19 45
3 32
5 17
4 14
42 31
49 9
2 25
0 22
48 26
15 100
29 12
2 22
0 15
46 29
19 4
7 17
43 1
36 46
33 15
37 12
30 29
43 28
38 20
2 13
42 50
15 100
39 45
37 16
16 11
5 36
15 49
41 47
41 7
22 26
27 30
42 14
42 46
17 8
23 29
28 0
42 44
15 100
24 5
38 35
46 28
21 0
14 36
49 29
6 39
36 29
40 12
8 5
0 24
0 42
32 48
21 35
48 37
15 100
28 47
42 41
31 11
43 1
11 6
11 35
35 18
23 45
21 37
32 29
42 6
2 16
49 8
14 19
43 11
15 100
5 46
7 22
10 13
33 2
14 19
9 0
3 18
18 26
13 39
38 19
42 29
25 18
20 23
26 34
42 44
15 100
45 22
39 27
44 23
14 0
25 2
19 8
2 22
1 45
23 14
7 10
33 49
13 7
16 33
5 43
16 47
15 100
36 36
18 49
37 36
21 25
11 20
27 30
3 30
27 4
49 24
18 6
34 25
4 21
6 46
29 11
38 19
15 100
33 48
29 25
20 40
36 15
14 47
35 42
0 38
46 1
42 44
25 34
50 33
33 29
4 14
24 7
25 36
15 100
0 32
7 30
7 27
19 43
42 8
13 0
50 13
13 19
40 29
37 14
13 11
48 20
40 26
34 38
33 34
15 100
23 33
15 4
37 47
31 31
13 47
39 26
21 12
14 34
31 3
13 42
17 0
2 39
45 42
14 29
3 21
15 100
37 26
4 26
4 15
23 9
46 36
5 34
37 27
20 25
35 0
28 48
43 19
22 45
8 17
11 47
20 14
15 100
18 6
15 47
32 19
11 29
29 7
15 8
15 26
9 36
0 45
10 2
16 27
21 13
47 3
30 32
0 24
15 100
46 18
30 35
39 36
29 50
15 7
31 4
40 21
30 24
31 4
18 41
6 8
43 1
46 13
5 50
45 5
