1000

15 100
18 46
48 45
45 19
39 49
49 1
40 4
6 31
16 15
18 37
28 18
22 15
4 6
25 41
23 8
22 22
15 100
34 40
43 5
8 37
25 47
10 48
22 50
1 28
31 43
18 49
29 46
41 25
10 45
32 35
9 29
17 31
15 100
25 1
46 17
31 3
4 5
25 14
2 47
38 29
25 18
21 43
41 24
38 5
50 48
0 5
6 9
34 24
15 100
15 8
50 10
26 30
13 4
36 12
18 12
9 5
41 34
49 36
0 13
35 38
19 34
9 44
13 40
2 47
15 100
13 42
29 37
1 4
17 40
8 27
1 0
13 10
31 4
18 3
40 18
41 49
30 9
32 13
27 45
3 30
15 100
15 41
46 45
28 48
23 19
11 6
20 12
31 33
48 36
37 40
39 1
33 4
50 37
38 6
0 15
25 28
15 100
19 15
18 14
9 20
11 6
39 22
12 33
9 18
16 6
3 27
20 17
2 2
21 27
40 8
33 14
23 32
15 100
42 42
47 9
6 30
4 42
11 17
14 23
0 48
41 16
28 19
17 48
36 20
25 6
47 14
14 3
28 12
15 100
9 19
3 31
2 34
10 6
26 21
24 14
19 24
11 34
14 39
2 31
10 12
25 35
18 46
23 7
49 0
15 100
19 33
44 47
13 47
31 48
27 31
44 25
45 37
49 30
20 37
43 48
43 2
9 17
12 2
13 35
34 36
15 100
10 27
18 3
23 5
24 28
3 26
8 21
0 27
7 24
31 1
10 23
49 2
0 33
45 12
9 32
21 43
15 100
42 31
19 35
9 16
40 33
45 17
33 27
38 34
29 45
7 9
21 17
7 19
45 32
26 13
44 35
45 39
15 100
1 36
20 20
45 3
37 35
36 5
26 44
32 14
27 35
33 34
19 3
25 26
48 44
7 23
6 25
33 25
15 100
13 34
36 7
29 30
10 15
14 21
20 41
14 26
29 15
11 11
23 4
40 48
30 37
42 11
34 22
36 41
15 100
48 23
50 7
5 28
37 40
17 26
10 11
41 49
11 19
38 47
4 10
0 18
8 30
29 24
41 38
20 0
15 100
28 42
49 1
49 3
29 36
43 20
11 28
31 26
0 43
19 39
39 23
49 40
16 31
44 45
4 9
32 50
15 100
9 35
41 7
36 40
10 40
25 28
9 10
5 15
36 30
32 4
18 45
1 42
34 17
22 2
37 1
11 18
15 100
0 45
27 41
2 13
4 37
27 3
39 36
13 18
25 23
49 6
1 41
1 28
32 9
45 29
36 5
4 47
15 100
49 4
16 25
19 18
38 49
29 14
1 43
25 15
10 50
12 33
31 14
24 32
42 30
15 10
33 1
16 37
15 100
22 14
41 38
39 35
30 1
33 34
40 34
26 39
23 10
13 36
44 44
24 42
50 15
21 39
50 29
40 40
15 100
15 37
3 31
24 17
15 4
43 22
38 6
30 38
46 28
48 33
13 41
0 11
32 50
0 28
12 50
6 27
15 100
40 21
13 17
26 37
8 41
15 0
37 2
32 17
40 1
45 12
34 32
2 34
17 9
7 17
11 44
16 42
15 100
20 5
37 33
48 13
20 5
3 9
31 15
12 12
6 26
13 25
38 21
6 15
29 23
24 36
14 9
29 30
15 100
0 24
10 37
6 7
50 0
37 28
10 17
43 47
3 23
47 41
48 35
36 28
24 14
25 22
24 39
31 3
15 100
18 31
27 2
42 7
34 42
8 21
44 18
12 10
39 41
33 35
5 30
44 42
7 17
5 6
39 30
45 19
15 100
7 37
24 8
14 41
15 48
32 23
43 50
15 30
9 28
20 16
13 25
46 6
41 27
24 47
7 37
26 1
15 100
31 33
12 29
41 26
19 30
24 25
28 41
24 17
20 7
46 14
23 8
14 43
39 4
44 12
0 0
24 0
15 100
1 4
7 14
33 22
14 2
2 38
27 4
3 26
21 23
33 16
12 6
49 26
49 38
4 43
24 30
43 48
15 100
4 19
1 12
7 9
8 21
36 10
34 37
14 37
12 10
9 46
26 46
26 25
46 24
12 0
41 36
4 8
15 100
34 8
27 9
20 34
43 29
29 2
13 12
40 2
49 26
12 33
46 38
28 21
37 24
20 49
49 35
9 2
15 100
43 17
10 19
0 31
27 44
34 6
20 47
18 9
49 42
10 35
24 5
23 1
1 9
50 46
33 48
30 16
15 100
50 23
33 10
42 7
15 44
25 49
50 46
19 42
29 43
33 39
27 6
19 24
33 20
8 32
15 15
4 19
15 100
31 3
42 38
38 8
45 27
1 20
50 25
40 19
41 18
36 24
7 37
4 26
11 11
20 44
18 9
8 22
15 100
28 13
50 20
25 38
2 19
14 28
13 14
2 2
7 17
21 43
41 2
3 20
2 14
31 47
32 49
5 40
15 100
45 7
27 45
1 1
6 3
21 45
31 8
33 7
11 14
25 6
31 40
8 35
9 35
49 15
31 31
38 36
15 100
45 33
17 47
1 19
48 7
22 43
26 28
1 9
9 37
23 34
43 4
49 25
39 32
9 11
47 40
16 35
15 100
50 36
42 16
32 43
9 3
24 32
47 50
34 22
33 43
33 6
1 50
35 24
24 48
5 7
33 2
21 24
15 100
11 45
34 27
35 15
44 45
43 17
0 13
41 34
35 24
0 42
4 26
41 13
50 39
10 5
20 17
32 41
15 100
41 17
9 24
44 45
13 37
39 31
28 13
44 18
21 3
42 46
45 46
22 36
8 46
49 43
25 19
10 31
15 100
34 25
48 44
24 15
38 11
1 0
42 29
13 10
22 34
13 13
29 7
34 25
17 42
46 16
9 20
9 44
15 100
1 43
18 23
36 16
39 48
2 14
48 18
18 35
28 40
43 41
2 47
23 36
21 14
2 41
4 11
11 13
15 100
29 37
6 47
9 16
38 22
14 40
37 36
32 4
21 10
44 38
25 20
34 22
31 30
37 33
20 41
18 31
15 100
29 47
42 9
17 1
25 29
48 39
43 34
25 25
12 20
35 5
7 9
0 42
32 31
21 43
13 15
7 5
15 100
47 36
1 12
45 43
38 20
22 36
33 14
19 32
39 6
26 23
36 34
7 36
50 13
16 45
30 3
9 37
15 100
8 30
48 34
43 42
27 30
36 23
15 44
37 9
25 26
15 26
23 0
9 4
37 33
42 27
27 21
5 36
15 100
33 13
41 30
22 33
21 23
12 32
46 2
50 32
11 49
32 26
24 30
0 33
8 11
40 0
39 16
46 44
15 100
27 28
31 17
7 27
24 3
50 36
35 45
38 34
1 23
32 33
23 31
37 24
13 46
9 28
46 22
44 15
15 100
40 45
44 21
36 0
22 9
3 22
20 12
41 32
20 42
5 27
50 28
7 36
26 45
31 36
22 0
7 41
15 100
16 22
35 34
17 46
8 39
4 12
10 24
49 1
6 44
17 11
20 16
13 1
2 14
46 7
50 43
33 31
15 100
33 23
2 42
6 19
37 39
8 16
25 43
40 24
18 20
42 36
5 11
1 19
37 28
33 32
10 6
49 17
15 100
37 5
40 14
48 20
33 8
8 15
24 34
33 39
32 0
8 23
36 14
8 12
7 45
40 14
0 24
45 50
15 100
41 5
4 4
19 26
24 27
9 7
16 33
15 49
46 47
50 4
44 9
43 1
21 24
46 36
12 20
9 6
15 100
19 25
11 49
29 5
24 28
32 7
35 48
41 50
21 10
20 20
14 38
29 31
39 0
29 8
10 41
28 44
15 100
47 22
18 33
20 48
38 18
25 19
26 34
41 41
7 11
0 1
5 40
39 35
20 27
9 24
9 19
14 37
15 100
12 36
33 5
18 2
2 5
46 1
49 21
9 39
36 41
25 10
42 30
50 4
39 45
31 48
18 14
41 6
15 100
25 28
42 8
33 9
10 9
39 30
35 37
0 44
0 10
8 25
21 50
29 20
3 18
39 8
15 6
47 31
15 100
13 21
8 29
29 15
39 14
24 27
44 33
39 19
0 39
29 8
13 24
32 42
19 9
9 7
17 50
39 38
15 100
30 26
8 12
4 12
27 17
26 25
19 44
7 7
12 7
46 16
40 33
14 21
24 33
30 8
15 21
32 3
15 100
8 36
3 41
48 7
2 49
25 2
48 44
47 4
0 33
36 20
49 50
2 38
20 0
20 24
8 35
45 14
15 100
12 27
50 15
42 21
48 45
44 47
21 41
40 17
19 14
0 29
8 23
28 10
10 48
10 5
46 44
14 14
15 100
32 1
41 32
16 7
27 13
26 21
9 47
36 23
14 5
11 39
34 19
36 12
29 47
34 14
26 30
32 40
15 100
44 13
15 35
19 32
16 47
19 42
42 3
38 27
0 26
32 12
14 16
5 0
2 9
21 36
23 21
15 29
15 100
35 9
42 0
18 11
32 34
32 25
25 23
28 12
24 3
39 6
15 27
47 20
27 49
3 22
8 26
43 24
15 100
29 28
33 21
28 25
6 34
8 12
8 7
9 11
44 33
14 6
13 3
34 34
48 35
6 1
7 15
1 24
15 100
39 31
26 46
26 3
20 32
11 2
18 45
9 27
30 2
34 44
9 22
21 43
5 18
1 12
19 33
1 46
15 100
7 14
26 33
9 1
11 3
7 47
5 25
41 39
26 20
41 9
38 24
5 8
41 11
1 43
48 45
25 49
15 100
40 6
12 15
14 46
41 50
49 48
46 28
47 37
16 22
31 31
6 19
30 36
1 20
47 2
37 44
48 37
15 100
16 37
43 2
27 31
48 17
30 20
15 26
48 36
37 38
33 42
44 13
10 23
49 37
43 46
39 4
13 10
15 100
41 4
48 7
6 24
39 29
15 18
49 4
18 21
41 29
33 23
21 26
36 5
23 8
42 41
28 5
45 16
15 100
15 35
20 37
42 0
35 30
29 0
23 2
4 15
23 45
19 30
42 14
31 1
44 3
10 10
44 12
15 38
15 100
28 4
22 22
42 14
23 0
18 26
0 41
28 5
31 25
24 50
5 41
38 36
42 31
39 26
41 7
39 30
15 100
45 41
35 17
13 0
5 36
0 23
36 1
39 14
31 44
13 29
17 18
44 4
28 36
9 42
36 0
49 49
15 100
30 43
40 39
34 2
39 13
12 40
37 48
15 50
36 20
17 50
23 34
42 17
12 20
27 21
36 12
21 34
15 100
11 26
0 25
14 9
1 3
22 13
17 33
35 6
6 21
0 23
20 23
6 11
40 43
5 41
14 41
28 9
15 100
49 13
35 50
38 50
33 39
27 4
26 44
38 10
50 18
31 24
42 25
47 22
11 11
15 16
1 3
7 29
15 100
12 5
42 48
29 3
21 11
42 48
41 42
15 28
2 39
20 7
12 11
33 8
8 44
44 23
9 20
0 41
15 100
49 12
21 15
9 50
43 4
36 9
1 26
0 16
28 27
4 48
35 16
34 42
50 42
35 43
39 18
12 39
15 100
34 36
0 4
25 35
28 17
39 13
26 41
13 1
31 41
28 36
13 12
26 47
3 25
12 12
43 0
5 4
15 100
39 39
14 13
17 39
48 45
6 11
33 6
26 20
7 6
11 36
16 49
22 17
45 26
16 6
12 8
31 17
15 100
38 19
5 1
6 22
41 4
42 21
40 49
1 15
18 9
46 3
19 12
1 41
29 20
41 45
0 3
28 31
15 100
20 15
24 0
16 31
47 31
9 38
1 49
10 3
38 29
37 33
32 5
45 8
20 48
28 36
17 29
39 45
15 100
9 33
9 8
7 25
39 4
6 48
16 32
20 27
9 7
5 46
40 11
0 9
19 46
6 48
31 23
0 44
15 100
42 34
26 0
42 34
0 30
12 31
1 28
12 46
4 22
2 34
17 17
46 43
26 14
12 6
36 43
4 36
15 100
36 46
20 36
21 36
44 21
16 5
1 42
8 38
38 37
9 14
21 1
31 41
18 31
29 30
12 40
22 16
15 100
25 32
36 19
42 6
30 36
27 20
15 2
11 23
41 23
10 24
38 5
25 43
20 17
24 49
47 36
38 43
15 100
26 38
49 11
31 41
43 35
26 19
4 41
47 16
39 11
13 23
35 0
2 35
44 22
1 42
45 23
1 7
15 100
15 27
19 14
12 24
29 4
9 4
49 13
19 45
3 32
5 17
4 14
42 31
49 9
2 25
0 22
48 26
15 100
29 12
2 22
0 15
46 29
19 4
7 17
43 1
36 46
33 15
37 12
30 29
43 28
38 20
2 13
42 50
15 100
39 45
37 16
16 11
5 36
15 49
41 47
41 7
22 26
27 30
42 14
42 46
17 8
23 29
28 0
42 44
15 100
24 5
38 35
46 28
21 0
14 36
49 29
6 39
36 29
40 12
8 5
0 24
0 42
32 48
21 35
48 37
15 100
28 47
42 41
31 11
43 1
11 6
11 35
35 18
23 45
21 37
32 29
42 6
2 16
49 8
14 19
43 11
15 100
5 46
7 22
10 13
33 2
14 19
9 0
3 18
18 26
13 39
38 19
42 29
25 18
20 23
26 34
42 44
15 100
45 22
39 27
44 23
14 0
25 2
19 8
2 22
1 45
23 14
7 10
33 49
13 7
16 33
5 43
16 47
15 100
36 36
18 49
37 36
21 25
11 20
27 30
3 30
27 4
49 24
18 6
34 25
4 21
6 46
29 11
38 19
15 100
33 48
29 25
20 40
36 15
14 47
35 42
0 38
46 1
42 44
25 34
50 33
33 29
4 14
24 7
25 36
15 100
0 32
7 30
7 27
19 43
42 8
13 0
50 13
13 19
40 29
37 14
13 11
48 20
40 26
34 38
33 34
15 100
23 33
15 4
37 47
31 31
13 47
39 26
21 12
14 34
31 3
13 42
17 0
2 39
45 42
14 29
3 21
15 100
37 26
4 26
4 15
23 9
46 36
5 34
37 27
20 25
35 0
28 48
43 19
22 45
8 17
11 47
20 14
15 100
18 6
15 47
32 19
11 29
29 7
15 8
15 26
9 36
0 45
10 2
16 27
21 13
47 3
30 32
0 24
15 100
46 18
30 35
39 36
29 50
15 7
31 4
40 21
30 24
31 4
18 41
6 8
43 1
46 13
5 50
45 5
15 100
23 14
48 27
50 10
13 28
9 28
9 15
6 23
10 10
47 41
14 39
5 45
22 48
46 17
10 0
17 4
15 100
30 14
44 1
42 43
11 4
45 46
6 3
35 12
26 45
47 48
35 10
36 40
29 7
12 24
50 47
50 16
15 100
26 29
30 19
5 46
11 41
50 5
36 30
33 20
42 33
14 38
30 49
22 41
13 0
48 25
50 47
21 49
15 100
37 47
1 42
40 6
37 0
48 11
30 7
41 12
28 33
20 16
45 50
40 42
40 2
16 12
1 15
8 47
15 100
13 20
18 15
11 7
46 22
33 17
33 12
25 24
50 27
31 19
43 25
43 32
41 33
8 7
19 9
22 1
15 100
31 10
21 23
50 6
30 45
29 37
37 11
50 11
35 49
38 15
42 30
15 34
37 30
16 45
37 9
29 34
15 100
11 34
18 32
6 17
13 10
36 42
48 22
2 21
7 12
44 45
1 35
50 41
18 36
21 9
4 7
18 7
15 100
15 29
41 33
36 21
24 49
32 35
14 3
6 41
24 39
2 17
7 29
26 6
19 44
16 14
27 46
47 46
15 100
2 11
49 44
19 8
39 43
31 20
1 45
48 33
36 21
21 12
12 28
41 38
9 35
6 25
49 33
45 45
15 100
2 48
31 26
15 50
34 3
16 15
49 43
9 46
25 19
42 46
32 3
48 47
16 6
5 22
6 29
29 0
15 100
23 32
48 28
7 37
1 15
15 43
30 13
35 14
8 9
33 50
29 39
28 26
36 44
7 15
40 13
44 43
15 100
13 42
49 36
19 30
22 21
46 11
38 50
24 47
13 7
5 21
31 8
9 8
8 19
26 15
35 40
28 28
15 100
7 16
19 5
26 39
36 22
34 31
34 46
30 7
42 18
39 21
39 20
29 22
2 11
42 3
27 0
17 29
15 100
28 24
19 48
30 45
10 15
17 18
20 0
13 24
32 4
16 21
50 29
15 28
1 17
13 17
45 40
17 12
15 100
44 45
10 12
16 40
32 0
29 49
18 23
23 5
22 4
34 38
50 33
17 14
35 43
6 49
34 25
12 0
15 100
37 30
19 48
17 10
11 49
10 15
21 3
38 44
33 34
22 17
22 22
24 13
10 34
30 16
6 13
42 18
15 100
13 2
23 6
24 40
16 10
12 1
25 33
4 37
26 37
21 22
28 17
44 27
4 29
10 34
45 16
47 10
15 100
8 34
38 31
40 36
45 6
20 6
7 19
39 36
6 39
47 1
36 25
43 29
26 47
7 36
30 27
26 26
15 100
11 8
9 23
14 23
34 8
3 3
40 35
23 2
20 3
16 17
29 1
16 21
4 16
17 12
1 21
13 1
15 100
47 49
9 30
47 23
27 30
6 31
7 46
15 30
48 36
7 13
27 36
14 17
6 19
33 48
5 8
18 43
15 100
9 39
15 43
43 36
16 20
15 22
0 48
42 15
27 39
25 9
27 1
45 15
43 26
34 25
23 13
7 42
15 100
30 16
4 46
34 48
31 50
17 21
46 17
18 37
6 19
50 32
28 26
33 48
42 0
23 50
25 46
38 7
15 100
11 17
23 16
37 6
38 18
30 4
13 50
46 5
10 1
24 10
33 27
10 41
24 26
41 21
0 40
16 38
15 100
47 2
4 45
43 42
25 30
34 30
8 21
29 28
26 40
29 24
24 37
25 34
1 49
35 16
19 35
30 10
15 100
22 1
12 0
20 29
16 45
33 50
49 41
45 2
18 20
42 21
45 40
32 19
23 33
43 7
23 36
16 3
15 100
20 38
4 6
39 49
35 4
43 17
29 16
32 23
18 50
18 34
46 37
23 27
30 20
35 22
28 32
33 18
15 100
35 2
6 13
9 19
11 18
48 29
10 26
45 42
24 37
16 42
20 11
28 43
12 7
12 21
4 14
3 11
15 100
33 12
13 39
26 47
32 11
40 29
14 50
30 33
41 3
19 6
19 13
42 47
5 4
28 18
25 32
6 28
15 100
17 39
41 31
1 41
1 33
26 41
37 15
40 16
48 5
19 42
11 38
4 3
8 35
32 36
27 6
43 33
15 100
9 9
47 50
14 22
14 41
30 14
31 16
29 46
32 1
25 25
43 36
37 21
13 45
5 45
4 6
26 21
15 100
40 35
5 36
8 19
32 47
34 11
10 15
27 40
35 8
41 9
7 7
19 44
2 7
38 8
26 17
14 1
15 100
38 28
10 43
38 43
37 20
39 20
31 50
9 8
13 18
41 28
1 23
35 21
16 37
2 29
19 28
46 8
15 100
4 33
10 14
0 49
7 37
43 20
31 48
19 41
30 6
33 46
34 35
18 43
30 34
30 32
12 23
9 7
15 100
5 13
15 16
2 40
39 34
0 5
3 31
2 23
46 33
3 29
28 38
13 46
30 17
3 34
49 16
32 32
15 100
48 37
46 12
27 22
26 40
5 26
45 8
7 22
5 27
29 9
5 6
21 43
26 0
9 29
9 32
19 41
15 100
14 17
1 34
3 3
5 30
43 35
5 12
43 37
8 23
14 37
6 44
17 27
11 17
27 45
46 10
27 40
15 100
0 41
6 27
49 34
30 3
38 47
38 44
33 4
4 41
1 18
1 7
37 18
34 48
35 36
16 5
46 43
15 100
19 21
7 50
48 5
33 27
33 21
23 45
39 6
24 17
21 25
36 23
33 47
15 41
44 25
0 34
4 47
15 100
27 23
17 8
22 39
39 29
15 21
24 12
41 37
43 14
4 39
39 14
11 46
10 0
11 28
25 11
11 29
15 100
32 12
26 49
21 22
37 9
1 26
4 25
13 45
37 5
8 41
44 22
4 29
42 14
30 2
42 29
39 27
15 100
33 20
40 8
44 10
31 4
44 6
31 48
31 44
43 17
23 0
32 42
47 36
20 39
24 24
15 40
3 3
15 100
17 10
49 6
18 42
41 23
46 8
29 0
5 35
44 48
26 42
23 8
33 44
18 27
6 43
1 22
32 29
15 100
50 49
39 22
29 31
13 44
4 9
1 7
9 32
16 28
3 43
44 0
25 26
45 43
2 0
9 28
47 42
15 100
6 21
14 19
43 18
0 31
11 29
14 38
36 48
19 27
25 47
19 18
48 18
18 42
10 21
16 45
23 38
15 100
36 30
33 24
49 25
42 23
30 28
1 44
40 12
42 8
39 41
29 32
34 26
50 1
42 34
47 8
28 20
15 100
20 38
24 2
12 22
1 28
46 32
5 21
50 45
33 41
27 46
32 6
27 40
32 0
41 24
35 12
6 37
15 100
6 26
25 30
2 11
26 3
39 46
9 45
17 9
13 24
50 15
20 5
21 21
19 27
22 35
25 6
47 5
15 100
17 2
5 42
6 7
2 6
36 16
2 45
35 19
28 48
17 28
37 37
7 7
8 1
9 30
36 8
10 32
15 100
39 27
8 44
44 39
26 20
45 11
36 47
30 20
40 8
43 7
10 29
18 42
11 26
43 45
30 28
27 14
15 100
9 15
16 42
34 9
30 9
3 50
45 40
46 24
34 10
32 0
17 16
4 35
8 15
36 0
34 40
29 10
15 100
29 12
0 45
29 34
3 33
43 6
32 37
20 2
35 29
12 42
29 29
7 33
38 40
22 48
41 5
12 44
15 100
41 41
30 41
35 33
24 12
16 41
43 48
1 38
24 36
16 36
27 19
39 9
2 27
49 49
49 13
29 35
15 100
6 19
25 11
34 34
44 32
20 9
22 13
32 23
0 5
33 41
42 10
9 30
44 36
31 42
35 4
5 13
15 100
39 36
6 39
47 14
47 41
46 17
24 17
30 30
14 4
36 47
45 1
6 3
5 24
40 11
16 49
15 46
15 100
36 28
31 16
41 2
30 38
43 25
4 41
42 8
21 5
12 6
1 31
32 33
8 37
6 22
22 47
20 11
15 100
42 30
40 48
46 4
50 25
42 16
50 46
6 15
28 27
45 40
7 21
45 13
28 3
0 8
25 47
5 20
15 100
8 21
50 48
18 46
1 42
20 18
7 45
38 14
34 16
15 3
30 23
24 25
36 1
28 10
34 27
7 39
15 100
47 15
35 47
37 2
42 12
45 36
30 1
4 18
40 39
8 5
16 38
2 40
37 12
15 14
48 49
16 4
15 100
12 12
44 47
8 4
23 24
16 42
10 21
18 39
13 7
1 21
37 17
33 13
31 20
26 46
8 23
19 24
15 100
1 5
37 19
1 19
23 49
44 13
41 28
8 8
16 21
40 43
16 27
9 24
40 41
44 40
10 26
37 3
15 100
25 12
8 11
31 34
4 28
33 48
16 23
50 24
5 16
20 45
8 36
46 42
9 10
32 27
50 17
28 37
15 100
20 2
49 3
38 4
37 42
32 19
14 48
16 13
47 21
3 16
41 11
1 36
28 36
46 34
37 46
0 14
15 100
6 46
41 29
49 28
33 9
20 40
29 8
11 19
21 32
15 25
48 5
10 24
41 38
34 37
22 20
6 47
15 100
9 37
42 50
15 14
28 23
24 22
37 2
30 22
46 0
4 10
50 1
15 10
50 31
22 33
42 44
3 48
15 100
15 37
8 6
36 23
21 38
20 45
9 6
21 13
3 16
39 7
1 38
33 41
22 7
21 45
40 37
12 17
15 100
34 27
3 16
8 14
40 29
1 34
48 11
15 18
24 18
8 12
50 34
25 6
25 47
13 20
15 3
7 28
15 100
20 15
29 49
32 37
12 46
15 13
29 37
49 44
29 23
36 38
9 35
46 8
42 45
5 4
15 45
7 47
15 100
22 2
36 26
25 42
12 37
37 2
24 41
39 23
8 18
20 45
30 3
29 25
12 45
45 42
50 9
36 31
15 100
30 33
7 40
8 32
32 45
43 43
47 17
7 10
40 16
2 9
10 32
12 13
31 49
33 25
40 32
8 0
15 100
37 12
33 45
2 15
26 34
9 19
0 31
10 8
15 50
24 17
33 8
23 45
46 3
18 28
3 7
34 36
15 100
7 21
49 14
15 25
3 15
33 38
8 33
18 18
41 33
42 39
24 24
21 47
44 42
24 11
19 27
43 3
15 100
38 25
49 10
39 38
35 17
27 17
4 36
24 22
28 40
29 45
28 2
18 24
49 36
15 22
21 34
24 14
15 100
11 36
39 34
46 1
21 4
18 49
46 47
8 19
18 10
8 21
4 11
48 48
9 20
7 24
17 29
32 41
15 100
43 18
0 5
1 46
31 23
24 50
46 19
46 3
12 39
13 46
34 43
6 32
14 15
1 21
13 18
50 45
15 100
33 16
12 33
21 39
2 2
11 0
26 6
19 46
34 32
8 21
27 17
13 7
23 27
47 24
23 9
17 47
15 100
28 24
13 41
32 8
3 8
35 14
9 10
45 2
31 28
8 13
49 9
30 37
16 27
38 37
1 10
46 43
15 100
7 49
41 45
13 47
2 16
5 38
30 39
22 49
41 27
0 50
15 23
8 45
34 50
47 22
36 48
6 6
15 100
14 38
4 29
32 17
26 35
7 5
47 11
44 43
9 8
20 34
7 35
6 41
3 41
14 50
37 50
21 43
15 100
30 9
5 8
39 37
50 39
46 6
44 16
17 37
9 0
19 29
34 27
38 15
42 15
30 5
15 16
29 10
15 100
33 34
20 12
42 33
50 16
21 19
47 39
36 14
50 19
39 18
48 48
19 9
12 10
24 16
40 39
6 19
15 100
24 13
27 44
26 43
0 50
8 46
43 5
34 28
44 33
47 6
0 18
3 45
1 40
4 26
5 45
39 36
15 100
38 12
50 14
30 50
6 30
49 40
25 41
45 8
44 12
15 14
18 41
7 47
35 8
36 13
34 16
32 48
15 100
26 19
9 25
7 40
49 39
44 47
28 44
12 47
26 30
8 42
44 0
6 25
21 41
34 32
28 42
22 10
15 100
39 48
29 23
48 11
37 46
50 30
43 27
23 29
23 50
8 5
15 26
30 21
1 1
36 35
33 13
0 4
15 100
23 40
26 27
12 23
38 49
19 37
2 36
38 0
14 10
50 47
40 39
22 44
34 23
45 44
32 1
31 33
15 100
30 4
47 6
5 33
29 43
5 22
3 7
7 41
7 21
25 31
42 39
19 14
32 27
11 1
20 18
27 1
15 100
25 32
30 21
12 35
28 15
1 33
38 29
40 45
44 48
41 43
2 32
31 47
20 37
23 32
12 44
50 40
15 100
19 49
21 49
19 7
7 47
22 33
3 9
11 43
29 29
14 44
21 17
25 1
38 20
38 10
26 0
28 50
15 100
14 21
48 9
19 41
16 0
11 38
7 14
22 43
6 0
21 46
44 42
37 43
43 24
12 5
8 38
30 37
15 100
37 18
7 34
27 1
24 17
26 35
4 34
23 26
26 30
26 22
50 44
13 36
37 31
34 49
10 42
11 40
15 100
2 22
32 35
6 8
10 4
25 10
14 3
44 37
4 45
41 4
16 14
49 3
50 35
34 7
7 44
50 43
15 100
7 26
15 39
10 46
21 45
24 20
5 12
24 23
24 28
42 14
32 32
29 4
36 2
13 19
10 46
38 34
15 100
38 45
9 2
8 45
22 29
13 47
50 18
33 48
16 6
50 7
46 5
40 24
10 50
0 48
43 35
43 30
15 100
18 31
50 2
7 7
21 4
10 34
25 34
27 7
31 43
14 30
24 9
10 38
7 20
37 7
17 30
43 35
15 100
9 35
15 33
11 47
40 6
0 0
15 25
8 42
33 40
8 21
44 6
30 3
45 37
48 31
18 40
10 35
15 100
24 45
20 13
27 5
34 17
12 35
42 27
34 50
43 16
13 0
37 32
6 41
35 25
27 7
6 20
21 16
15 100
4 19
35 49
32 12
4 15
3 41
24 19
17 8
43 34
49 6
34 10
12 14
0 21
40 2
28 20
22 23
15 100
10 0
42 46
50 48
32 28
13 35
18 11
28 9
19 20
43 43
0 0
2 12
39 27
34 2
3 36
22 50
15 100
9 33
0 0
2 24
49 34
1 36
43 19
21 20
2 15
40 45
7 15
45 34
27 33
10 35
36 39
21 32
15 100
38 4
39 38
4 41
11 27
49 37
37 41
30 8
10 32
48 25
26 4
40 20
12 41
28 47
26 38
35 21
15 100
19 23
25 33
35 3
23 47
5 22
7 42
37 38
24 48
19 21
47 46
50 10
40 11
0 42
8 0
29 43
15 100
21 23
40 20
5 25
24 2
46 29
24 2
45 11
40 44
33 34
39 29
29 13
39 43
24 13
35 6
14 38
15 100
24 9
10 38
30 40
12 28
43 32
31 41
35 50
26 49
43 8
32 6
11 35
19 24
2 17
38 37
49 26
15 100
24 47
9 9
34 39
49 47
41 15
2 46
6 11
46 32
10 12
15 16
18 26
26 11
0 28
3 12
39 1
15 100
12 12
48 21
46 31
35 45
1 25
9 4
21 40
15 41
22 50
27 37
41 20
12 41
31 37
43 34
23 31
15 100
9 35
17 6
6 13
12 41
32 38
40 41
42 35
31 32
50 27
5 27
13 20
47 50
10 27
11 2
36 8
15 100
7 19
44 25
26 24
38 12
39 19
50 2
34 16
38 39
48 11
15 27
38 2
48 34
2 32
36 38
9 46
15 100
46 16
14 13
41 40
37 2
26 50
46 26
2 30
42 14
18 13
25 8
40 13
10 37
21 37
44 6
49 2
15 100
1 19
18 16
32 34
30 44
10 6
43 6
6 19
36 48
33 28
10 33
10 50
46 46
11 41
6 4
48 5
15 100
6 23
24 49
13 30
6 44
23 17
24 16
23 30
9 33
1 43
10 11
25 46
35 45
41 46
9 47
24 6
15 100
26 30
4 24
3 17
4 9
35 27
26 33
17 23
12 27
5 38
44 41
49 43
36 34
37 26
3 46
47 28
15 100
27 23
32 5
21 35
22 25
19 32
27 19
14 44
43 1
45 22
39 38
12 12
4 48
20 15
48 23
11 45
15 100
25 12
42 7
17 12
16 13
38 9
19 39
29 8
6 46
34 1
17 22
13 4
8 18
1 28
33 50
26 18
15 100
44 0
4 9
7 46
21 49
34 33
7 2
21 10
35 28
30 18
3 22
15 41
26 23
8 27
26 16
0 1
15 100
8 18
1 13
27 34
8 23
32 16
5 39
19 1
24 28
3 3
47 6
25 11
47 0
8 30
2 34
20 2
15 100
9 28
21 11
41 22
45 24
45 0
40 25
13 33
26 37
11 29
15 32
9 40
17 30
15 25
9 17
34 29
15 100
44 17
7 39
28 22
11 47
46 30
47 10
4 35
43 30
21 28
33 36
9 42
0 26
22 15
26 5
6 34
15 100
35 50
0 16
13 3
38 24
24 8
3 46
18 8
30 35
12 25
38 46
36 47
11 36
48 33
25 48
13 5
15 100
31 48
29 5
38 42
8 50
15 33
7 44
28 50
26 32
9 12
6 47
7 42
17 44
1 14
26 26
36 13
15 100
31 41
10 10
47 22
26 29
22 42
36 3
9 38
28 9
19 37
21 0
7 29
42 24
22 44
13 22
44 49
15 100
36 50
40 20
34 10
17 9
39 39
25 50
16 34
37 44
43 31
4 14
31 11
17 47
36 13
14 49
9 8
15 100
21 19
7 10
40 41
20 6
50 34
19 25
7 35
33 18
3 26
49 7
14 3
44 5
25 29
18 39
1 27
15 100
21 22
47 28
7 10
43 1
41 17
9 34
16 16
18 49
35 46
49 7
3 37
36 47
42 10
50 9
49 25
15 100
11 20
21 32
22 28
42 40
4 6
6 13
40 22
4 32
20 13
28 44
20 5
30 5
26 22
40 50
5 13
15 100
24 16
7 45
22 29
48 38
18 26
44 49
13 7
20 17
40 15
30 17
33 25
47 12
30 22
34 20
46 14
15 100
7 19
4 14
38 27
43 9
14 36
35 33
8 49
40 3
40 29
18 45
20 0
19 41
37 23
12 21
17 7
15 100
9 24
0 13
38 39
40 5
48 29
41 7
36 23
5 25
26 19
29 44
13 23
18 32
14 5
30 0
0 47
15 100
33 9
21 33
22 33
46 37
38 18
40 2
25 25
26 4
24 1
23 27
46 11
0 38
17 39
17 47
39 17
15 100
44 46
0 39
3 48
21 49
8 9
41 48
11 15
47 37
44 20
13 42
48 33
2 22
20 19
35 38
41 23
15 100
29 8
44 30
47 47
1 42
45 9
0 36
6 37
25 2
48 44
47 10
35 18
43 11
14 38
4 49
25 45
15 100
22 28
2 40
32 23
36 33
15 4
16 40
40 22
26 40
49 49
33 20
8 42
38 26
2 2
13 6
0 12
15 100
26 47
14 2
36 47
26 46
3 41
0 20
30 14
16 31
3 40
29 10
9 11
1 21
11 28
48 24
9 23
15 100
10 35
44 25
11 4
46 37
50 49
1 50
18 6
14 9
11 42
49 40
27 32
25 28
2 37
31 25
35 40
15 100
48 20
49 41
19 9
19 14
21 19
12 47
43 5
2 31
14 38
48 37
27 24
18 27
1 20
38 6
19 47
15 100
20 16
41 18
32 9
2 0
23 48
44 10
44 11
40 21
42 28
8 39
14 10
12 32
11 39
26 23
19 46
15 100
19 40
36 10
7 17
19 34
43 17
31 10
1 50
21 41
45 13
18 27
26 32
37 13
38 22
26 38
45 45
15 100
33 14
34 19
49 42
10 42
50 27
8 5
38 9
29 8
24 23
46 42
50 47
48 11
9 35
33 35
23 2
15 100
29 30
16 13
23 39
29 34
30 2
35 13
7 22
47 36
5 21
33 0
37 33
47 35
18 30
44 25
14 41
15 100
27 18
21 17
5 18
5 34
26 36
10 11
23 18
33 19
28 38
14 11
13 1
18 9
36 36
14 3
10 28
15 100
45 38
20 40
4 25
7 10
33 34
20 44
45 17
36 27
10 13
40 25
49 2
26 16
36 36
1 50
13 37
15 100
2 7
49 22
47 2
48 4
37 4
38 31
48 32
48 33
33 33
21 47
7 19
49 7
10 35
43 11
8 5
15 100
22 10
38 20
33 34
23 4
12 34
8 24
40 31
30 11
38 13
44 8
9 0
2 33
7 12
42 24
48 50
15 100
4 45
35 42
14 42
50 11
46 37
20 28
10 9
8 41
20 21
28 14
29 11
39 5
18 47
42 9
45 14
15 100
34 49
8 18
14 47
9 39
8 29
25 28
31 9
11 40
24 31
35 1
19 13
38 8
44 5
29 9
15 23
15 100
23 23
47 5
15 10
2 49
23 35
27 48
37 32
32 48
46 5
2 30
7 22
18 19
4 11
24 33
45 13
15 100
5 18
36 1
48 0
37 50
49 9
8 50
32 45
32 38
42 27
43 19
32 24
41 50
43 45
35 42
27 29
15 100
4 6
47 15
33 19
15 19
18 39
2 27
12 8
46 18
46 12
20 39
31 1
37 21
0 30
40 35
21 41
15 100
13 25
21 35
40 3
3 30
22 46
43 50
47 29
7 43
48 3
4 17
16 9
43 2
4 43
32 44
1 27
15 100
8 39
27 29
23 41
33 0
45 29
21 37
28 17
16 10
34 38
38 12
4 3
21 21
30 25
38 37
43 39
15 100
13 0
1 40
4 50
5 11
50 50
40 45
37 43
37 27
27 20
14 14
7 43
42 28
13 21
28 0
7 20
15 100
13 21
46 14
35 50
13 40
10 38
40 24
32 0
16 43
1 17
13 15
31 20
32 22
22 19
44 50
44 0
15 100
20 6
46 15
45 31
39 33
45 49
45 8
47 0
8 38
44 9
4 31
49 36
0 4
32 47
23 25
47 16
15 100
0 41
47 46
5 16
0 18
23 46
16 17
3 37
42 37
24 35
20 29
40 44
14 14
48 46
11 46
46 7
15 100
11 46
48 33
15 27
49 16
45 46
36 35
12 13
21 28
24 46
38 19
24 27
12 12
42 34
7 2
29 27
15 100
34 15
22 31
48 12
32 20
2 26
15 38
35 1
25 5
3 50
25 41
18 49
18 4
10 34
38 43
36 17
15 100
19 19
6 16
24 28
28 5
48 30
5 37
42 40
12 16
19 15
40 45
6 7
43 49
11 28
32 24
45 42
15 100
15 38
10 21
3 8
49 5
38 20
9 43
6 0
6 43
42 25
7 31
19 38
13 37
36 49
14 42
22 8
15 100
33 11
20 17
32 24
25 4
29 37
24 13
29 4
13 35
47 29
10 29
10 29
16 48
40 27
46 3
18 43
15 100
36 1
3 6
43 36
4 43
14 7
29 39
20 8
17 8
17 39
37 1
17 21
5 7
18 45
34 39
23 2
15 100
31 8
28 34
39 45
44 17
37 8
25 16
21 45
49 38
27 40
26 14
42 17
9 47
25 28
41 8
16 13
15 100
35 47
47 37
4 9
32 49
27 43
31 1
33 1
20 31
13 48
21 40
36 37
31 19
33 5
47 48
14 37
15 100
36 23
7 6
10 12
15 16
35 16
8 15
17 42
41 12
47 3
34 42
17 44
28 49
12 35
3 34
7 42
15 100
20 17
15 2
23 50
14 12
40 23
29 48
12 20
13 2
6 35
5 40
0 23
7 3
46 20
38 49
28 19
15 100
41 48
36 30
50 33
29 38
20 18
35 49
40 47
43 28
23 50
12 3
13 12
0 21
40 46
15 2
44 43
15 100
21 8
14 32
12 39
39 15
0 8
7 36
31 48
6 24
50 30
48 36
33 10
22 33
5 12
28 45
14 46
15 100
11 35
29 26
41 41
14 30
6 14
12 13
24 44
35 31
42 34
10 13
44 17
48 16
24 28
28 26
22 42
15 100
21 34
0 24
34 16
15 22
20 46
10 32
8 35
50 18
15 15
26 50
28 20
41 26
36 14
3 38
40 50
15 100
29 35
7 3
9 41
44 49
12 13
44 48
20 26
32 44
44 21
34 20
45 11
40 35
11 25
49 39
12 12
15 100
13 15
47 20
43 30
11 37
28 48
24 21
45 18
48 0
37 15
21 20
35 15
5 24
24 42
23 47
4 9
15 100
8 17
24 30
38 42
34 23
2 12
45 0
7 14
19 29
14 30
45 10
24 3
50 29
28 24
45 0
20 50
15 100
10 3
41 8
7 2
50 41
25 26
27 45
27 9
33 20
12 47
50 31
31 23
35 31
26 12
29 46
37 23
15 100
19 21
0 9
4 7
12 28
23 11
4 24
5 31
7 12
25 20
9 24
0 14
21 35
19 21
21 48
16 33
15 100
46 35
3 46
45 7
28 31
10 25
42 14
49 22
19 31
34 44
0 17
42 25
32 12
35 0
33 5
23 50
15 100
38 18
8 16
38 2
48 15
33 7
40 50
21 13
21 14
44 29
7 18
21 49
17 2
35 1
27 43
32 24
15 100
16 44
16 24
9 4
27 7
19 34
39 34
7 35
47 2
49 40
32 31
32 2
29 49
29 39
25 30
31 6
15 100
4 47
50 45
20 34
49 21
15 43
30 3
26 37
38 22
40 37
36 46
17 17
22 20
40 0
33 14
30 13
15 100
45 8
34 45
3 29
28 1
24 17
18 3
20 44
15 8
15 29
19 25
24 10
16 46
4 6
20 38
45 24
15 100
0 40
33 9
8 10
38 36
36 11
27 4
40 47
48 4
29 38
7 22
12 31
32 29
0 37
9 20
24 3
15 100
44 49
17 0
7 25
10 19
35 21
5 11
25 45
8 22
23 11
9 30
34 47
35 15
50 35
26 8
29 24
15 100
36 47
23 28
22 4
2 32
49 38
2 3
23 1
48 5
49 45
17 7
24 0
28 33
40 27
17 16
9 20
15 100
40 46
41 37
23 12
16 50
19 14
11 46
17 35
48 39
40 46
33 6
27 31
31 5
13 21
6 4
11 16
15 100
49 0
36 39
38 8
1 28
32 20
42 44
15 8
28 37
21 42
32 28
23 34
33 3
13 46
49 19
24 9
15 100
35 22
10 20
10 22
2 36
50 35
30 15
28 20
48 30
6 18
21 13
20 44
47 2
22 9
48 20
2 46
15 100
30 38
17 14
32 1
10 35
38 34
44 17
49 46
37 46
25 44
38 20
31 7
39 1
9 35
35 31
4 37
15 100
26 8
24 17
22 6
18 32
15 30
40 8
48 38
28 8
33 27
26 45
21 6
1 9
7 10
44 42
15 23
15 100
29 15
31 27
32 28
7 25
34 47
4 24
29 1
11 6
35 19
33 10
13 4
17 15
38 49
50 6
15 15
15 100
29 44
30 34
45 37
11 27
11 46
23 15
19 2
42 4
8 26
23 16
36 11
45 27
0 32
26 50
12 41
15 100
39 15
8 44
50 27
4 35
3 15
30 27
4 49
3 46
28 36
46 0
1 6
36 46
33 36
2 33
10 39
15 100
23 23
4 5
16 28
33 45
12 10
9 43
37 14
15 14
34 43
0 4
18 1
10 3
22 43
14 49
26 24
15 100
37 23
47 15
29 38
43 36
32 5
46 16
48 7
4 37
21 38
30 46
42 22
22 26
50 44
19 13
16 19
15 100
11 2
42 33
18 45
20 35
4 26
40 25
16 11
6 20
49 1
33 2
48 24
24 19
0 23
37 44
11 2
15 100
12 22
29 28
4 47
48 49
32 26
25 46
0 15
7 31
36 5
33 18
7 4
16 5
23 41
28 9
34 13
15 100
36 20
36 14
23 40
36 45
13 17
20 12
37 46
27 44
26 12
49 33
30 30
37 21
35 34
11 38
43 20
15 100
25 28
40 10
17 37
25 2
5 38
44 0
50 30
46 26
24 46
39 47
3 43
1 40
13 10
24 50
22 41
15 100
19 48
44 33
7 10
20 6
12 50
44 5
50 43
35 45
44 33
15 6
4 18
23 5
32 37
15 30
36 38
15 100
21 29
35 39
11 16
49 5
23 10
5 16
40 4
34 49
24 1
32 13
7 36
5 30
15 37
41 30
17 0
15 100
42 12
29 0
0 15
17 23
20 14
7 50
4 47
4 12
19 2
13 0
15 45
10 20
50 25
31 40
30 22
15 100
15 46
34 18
47 8
33 38
31 3
1 38
2 30
8 31
43 28
33 5
2 48
25 38
42 24
12 23
38 16
15 100
45 2
12 3
21 33
11 3
20 17
31 46
29 8
25 38
39 17
40 47
48 42
18 22
29 10
20 16
7 7
15 100
6 1
35 43
4 5
25 41
33 19
7 14
14 10
47 14
48 35
31 11
5 2
28 24
49 31
34 18
21 41
15 100
0 28
16 35
45 46
14 20
36 47
13 17
35 2
27 31
16 50
41 21
35 46
24 12
19 22
44 27
15 14
15 100
42 40
16 33
24 36
28 38
30 38
8 43
4 44
45 5
24 10
4 39
32 40
35 30
26 28
26 19
30 15
15 100
8 21
4 49
3 28
34 5
40 13
43 49
31 21
42 25
27 40
10 5
29 16
19 38
46 46
40 21
39 19
15 100
37 21
15 41
20 43
44 28
49 33
16 41
5 47
12 47
46 13
11 5
18 14
21 38
26 41
7 15
37 46
15 100
9 23
17 24
38 11
16 5
13 39
13 29
4 18
50 41
40 46
3 0
25 21
39 21
33 14
11 40
3 48
15 100
10 12
45 27
36 7
12 27
12 25
15 25
29 19
18 28
9 7
48 12
32 23
8 20
44 15
8 29
5 11
15 100
27 15
24 46
16 34
2 28
10 40
27 26
39 5
19 6
8 29
38 5
15 19
28 48
13 46
13 46
25 43
15 100
7 26
32 5
46 48
39 49
50 24
12 26
50 0
6 43
32 14
21 19
19 11
13 22
8 0
42 21
47 16
15 100
13 3
16 45
33 12
16 46
35 15
19 21
16 43
21 22
36 27
36 31
21 29
42 34
0 0
34 43
21 4
15 100
33 9
7 24
3 14
10 45
10 45
9 29
15 50
47 10
21 32
12 31
12 33
35 29
41 9
29 49
26 24
15 100
3 9
33 35
7 11
50 17
5 9
11 39
12 0
39 8
35 34
14 47
40 1
29 24
30 44
33 8
43 9
15 100
32 46
43 40
30 50
0 29
16 30
12 1
18 25
26 31
7 10
15 47
32 4
48 35
2 1
29 35
34 21
15 100
18 15
41 10
29 20
34 29
24 24
8 36
25 1
35 25
32 17
10 21
13 42
50 35
26 1
36 29
11 19
15 100
24 29
8 14
14 38
35 22
41 33
47 24
18 46
50 28
21 31
45 31
27 32
47 26
41 47
2 26
26 13
15 100
19 50
16 1
39 4
39 48
27 4
30 23
28 22
18 27
50 13
32 18
18 8
24 14
9 14
11 11
14 11
15 100
49 7
35 39
9 23
44 48
20 45
26 24
42 3
47 34
4 20
48 11
13 15
19 11
4 2
26 15
13 14
15 100
0 36
22 35
25 31
8 43
2 28
37 29
27 2
6 23
36 36
17 7
47 30
48 40
42 1
43 42
41 30
15 100
5 41
41 1
25 15
32 33
32 9
36 43
38 37
45 18
9 4
3 26
12 24
31 34
14 22
35 31
13 50
15 100
35 43
40 25
45 39
40 26
47 46
9 6
38 47
43 32
40 1
37 43
1 23
17 32
6 5
3 15
36 41
15 100
14 20
34 28
46 2
16 9
2 12
5 12
43 43
33 35
50 22
10 10
15 37
33 6
18 39
11 47
3 47
15 100
11 42
41 19
19 10
21 9
20 24
22 50
36 39
16 43
24 15
15 8
25 30
45 7
36 13
20 21
34 48
15 100
42 45
39 32
14 32
43 9
42 37
7 38
36 17
26 1
10 50
42 25
33 16
4 27
49 14
14 43
9 48
15 100
41 0
17 3
6 5
36 23
14 1
9 22
39 19
39 14
46 23
39 37
48 21
27 26
22 25
40 37
43 23
15 100
8 7
23 25
10 30
4 20
2 19
21 37
15 9
5 28
49 0
1 37
11 49
32 39
25 3
38 39
14 4
15 100
12 23
11 9
22 22
13 27
16 41
20 38
27 9
21 6
11 19
32 37
30 43
36 11
5 35
40 18
48 3
15 100
22 34
0 34
44 48
5 31
24 46
21 18
33 48
1 4
4 12
48 10
50 28
2 9
13 8
18 27
0 15
15 100
31 22
24 5
5 42
2 35
22 0
31 44
43 38
15 44
16 44
31 14
3 30
16 6
13 3
39 31
31 39
15 100
20 36
35 44
41 41
35 18
50 7
18 4
25 36
43 40
29 8
34 9
47 37
13 37
17 26
41 5
31 21
15 100
18 1
6 3
45 21
18 4
39 17
36 32
22 10
17 39
50 20
47 7
4 18
45 17
4 36
18 45
42 49
15 100
40 34
24 46
37 44
42 29
48 30
47 33
11 43
43 2
31 16
23 1
24 1
19 43
43 49
28 10
17 44
15 100
34 7
2 32
27 39
25 18
43 22
49 39
4 34
31 21
11 36
12 8
37 10
9 31
27 1
29 4
37 46
15 100
23 45
27 25
26 4
38 1
47 30
23 45
43 2
3 48
48 39
33 9
47 20
44 5
25 20
31 3
50 42
15 100
23 47
36 0
21 37
29 33
38 25
38 35
45 30
11 48
28 34
36 35
43 6
29 11
36 3
31 16
6 30
15 100
8 4
26 18
4 21
29 33
29 41
32 16
26 26
20 11
48 48
45 7
7 12
13 36
23 49
40 28
40 20
15 100
33 48
24 8
40 2
4 19
9 33
9 42
23 9
17 43
46 40
15 40
47 22
26 10
7 23
33 21
1 22
15 100
42 34
44 40
16 34
43 45
27 26
27 10
17 50
45 9
43 40
49 7
3 45
3 4
29 10
27 12
6 2
15 100
34 48
36 28
11 27
36 28
21 37
4 23
47 46
22 15
4 39
4 27
20 33
47 23
37 25
8 13
11 14
15 100
16 46
36 26
48 21
2 33
50 49
44 28
21 40
23 17
5 2
31 34
29 25
16 50
49 27
50 31
41 10
15 100
19 31
30 29
31 27
50 8
34 23
6 27
0 27
42 49
44 21
0 49
4 3
24 46
3 47
22 2
27 37
15 100
37 20
17 17
49 49
18 22
6 2
20 37
3 45
13 45
43 31
15 17
4 45
21 28
40 49
24 11
25 25
15 100
49 11
45 40
28 17
12 47
13 43
23 33
29 0
2 16
20 45
22 9
12 26
3 7
3 43
5 27
29 4
15 100
26 1
15 20
41 18
11 3
14 49
20 11
6 50
11 8
40 31
27 11
41 13
37 18
20 40
36 50
41 14
15 100
3 16
40 19
10 30
37 46
7 25
19 28
10 25
1 46
7 41
27 34
2 42
48 13
34 42
28 19
42 18
15 100
33 19
9 47
12 44
27 23
14 8
48 33
10 32
7 36
28 39
27 29
22 3
45 19
41 28
11 18
48 27
15 100
11 4
46 45
1 8
38 2
5 26
10 28
8 21
9 40
6 37
28 7
40 25
35 34
44 26
12 29
18 9
15 100
30 29
38 0
23 39
33 36
41 38
11 1
15 45
47 25
8 27
36 11
9 26
36 44
34 3
44 46
7 12
15 100
29 37
15 17
37 39
5 19
49 21
32 34
22 47
2 43
46 11
44 6
22 2
6 32
21 40
35 14
36 42
15 100
0 39
3 16
5 14
29 36
8 1
6 40
35 2
10 38
45 6
23 38
12 45
15 18
26 36
32 35
24 42
15 100
1 25
31 4
15 36
18 18
46 0
19 1
40 3
3 0
15 22
31 38
35 17
6 50
9 6
35 41
42 8
15 100
33 43
7 13
21 47
23 13
14 19
14 7
45 28
36 23
2 0
45 7
13 29
24 19
2 33
0 37
24 42
15 100
20 31
8 1
44 3
49 41
16 37
34 4
19 3
7 4
26 9
29 45
17 42
49 15
36 0
49 36
38 47
15 100
1 32
27 34
33 45
37 5
9 27
17 44
6 36
21 13
40 47
47 18
15 13
35 13
3 45
14 1
4 26
15 100
22 30
32 23
13 14
17 24
45 0
0 11
44 6
47 39
44 36
35 41
28 25
28 37
38 31
5 26
6 9
15 100
26 28
13 7
0 26
22 42
24 16
43 25
27 10
5 23
50 24
33 8
14 35
33 16
47 46
48 1
21 3
15 100
36 48
6 49
4 31
50 0
48 23
41 40
22 42
24 2
39 48
26 46
6 14
31 13
30 27
33 1
2 4
15 100
30 38
26 36
11 4
41 10
30 38
7 20
1 30
37 26
32 25
48 32
21 28
20 1
42 50
2 49
1 4
15 100
27 31
17 2
41 28
32 31
12 11
19 19
5 45
49 42
20 4
42 18
10 12
46 30
38 11
30 14
10 5
15 100
43 37
10 9
14 0
11 20
31 48
5 24
17 10
19 40
27 13
19 43
5 29
4 26
34 16
11 38
30 21
15 100
43 47
33 2
6 21
2 42
41 7
40 46
6 31
30 25
20 31
12 39
23 18
43 1
18 26
17 29
13 21
15 100
25 30
18 7
6 49
28 33
40 43
40 3
38 20
8 17
19 29
49 32
42 46
24 8
48 42
8 14
20 46
15 100
10 19
25 28
26 5
0 28
38 40
20 2
18 7
22 26
50 42
29 22
23 46
17 21
3 39
12 12
28 6
15 100
7 38
26 7
40 26
12 40
4 0
3 49
2 21
31 49
22 30
40 25
26 12
20 43
33 49
6 19
10 34
15 100
0 42
21 0
23 35
26 10
24 4
35 27
3 11
23 34
9 19
38 50
44 13
36 39
30 44
37 36
12 21
15 100
19 37
37 14
37 10
49 38
45 47
42 29
24 19
40 21
27 49
40 14
22 7
27 8
46 32
1 32
42 38
15 100
2 36
50 14
50 36
49 23
48 43
44 40
21 17
33 35
12 10
33 1
24 30
9 26
38 4
7 13
11 49
15 100
25 38
34 24
1 8
35 50
5 32
42 49
46 37
41 29
21 2
39 29
29 12
8 38
12 20
16 44
7 27
15 100
17 32
40 25
31 41
7 15
15 12
47 31
36 43
18 0
46 13
2 34
16 5
20 24
43 33
18 34
26 25
15 100
35 17
32 24
43 12
15 50
1 4
37 48
35 47
14 27
47 9
41 23
17 6
29 38
5 21
20 48
29 20
15 100
23 14
12 4
38 4
41 27
28 42
31 14
13 41
10 2
17 31
11 32
4 29
13 33
41 43
28 35
40 7
15 100
29 37
21 41
41 33
19 5
35 48
47 15
36 10
30 21
12 48
1 48
3 5
0 41
38 15
33 16
50 48
15 100
48 29
34 43
44 50
25 13
4 9
10 26
50 20
10 29
41 47
0 43
44 29
48 19
19 10
8 27
26 8
15 100
24 48
11 7
40 4
31 39
42 36
23 26
11 47
47 46
50 37
42 25
29 9
3 1
2 47
11 11
48 11
15 100
19 21
8 4
3 22
8 8
10 25
44 7
0 29
3 47
24 3
34 40
28 37
50 5
12 1
1 23
12 24
15 100
34 5
45 16
9 22
38 43
31 23
17 49
30 17
2 8
39 0
11 22
41 13
33 14
43 46
15 18
43 2
15 100
42 1
32 11
42 42
33 30
8 38
27 50
11 6
16 13
14 4
13 50
0 28
37 8
42 29
28 7
48 20
15 100
34 39
46 15
50 38
31 7
42 13
45 18
12 5
49 29
43 38
7 6
11 33
34 49
41 26
27 43
7 49
15 100
37 15
38 33
30 11
20 36
18 36
49 38
3 11
43 26
14 10
13 46
16 25
28 24
48 43
50 49
35 31
15 100
48 22
46 9
29 0
20 23
36 13
8 8
0 11
19 17
11 7
27 25
3 43
24 5
42 21
49 15
44 7
15 100
47 41
3 16
50 32
16 45
4 26
7 12
35 32
48 28
49 9
10 26
34 13
43 32
18 8
27 41
24 20
15 100
49 20
11 1
10 35
8 1
3 12
27 10
25 36
42 22
39 15
5 49
15 13
11 7
45 3
16 21
19 14
15 100
42 42
8 27
17 18
36 25
19 40
38 21
50 37
6 16
33 45
5 39
43 20
1 28
1 21
6 42
16 50
15 100
5 7
41 13
8 7
32 45
7 25
34 19
46 7
5 27
23 12
46 2
0 13
22 27
41 24
22 21
15 38
15 100
20 46
20 35
8 28
17 14
22 24
40 5
43 9
38 48
36 35
34 6
38 9
19 9
36 9
33 32
5 23
15 100
19 50
18 39
35 0
42 1
15 13
50 29
44 42
12 31
13 23
15 47
29 27
5 48
37 15
31 44
47 36
15 100
41 41
10 8
3 45
34 45
20 23
33 19
1 26
35 38
31 48
10 20
18 39
48 49
10 8
13 42
1 35
15 100
1 17
50 11
50 2
30 33
22 24
5 4
17 31
4 26
19 9
48 29
29 16
43 0
39 27
8 26
18 35
15 100
10 45
1 34
30 0
11 35
34 33
33 39
11 0
45 15
0 13
49 49
16 27
14 8
2 2
36 10
28 28
15 100
19 13
47 20
21 27
21 32
11 29
39 18
42 50
43 36
39 44
49 11
42 15
39 30
48 15
6 7
25 34
15 100
10 19
21 6
39 17
33 34
49 18
12 12
37 29
36 3
39 50
47 38
10 38
27 23
17 49
38 23
31 38
15 100
32 41
6 27
47 45
44 4
3 17
22 40
29 33
18 14
11 7
13 7
19 49
46 20
21 37
43 9
35 23
15 100
47 41
13 27
42 10
46 36
39 49
27 35
13 30
43 31
18 3
12 32
10 5
4 30
50 25
42 43
34 26
15 100
40 4
41 3
31 32
38 27
17 26
50 18
10 12
48 27
18 16
30 4
22 41
35 26
45 34
0 36
0 9
15 100
11 41
38 1
44 19
8 5
20 50
5 19
18 40
32 40
17 24
5 47
28 1
11 12
1 6
47 2
42 21
15 100
36 28
11 23
3 29
16 11
34 36
11 39
30 3
29 36
43 46
9 23
16 37
24 28
24 26
8 20
2 24
15 100
41 12
26 27
35 30
5 26
15 40
36 0
2 15
28 31
25 21
0 34
18 17
46 42
19 19
42 27
13 44
15 100
0 28
5 27
4 15
31 10
15 20
24 0
46 26
41 23
32 15
18 6
24 36
23 19
28 16
38 19
43 25
15 100
38 44
2 17
45 7
32 25
42 47
19 15
22 14
15 12
12 47
1 30
3 25
16 0
18 18
17 5
11 34
15 100
4 23
27 7
41 46
14 47
45 5
44 14
45 40
2 9
1 14
31 27
45 8
2 35
8 20
27 50
0 12
15 100
34 4
36 35
11 26
31 50
22 50
29 40
13 23
3 41
7 29
4 38
6 23
20 33
32 28
2 8
2 27
15 100
21 36
6 31
45 42
31 25
42 27
50 45
42 12
43 45
27 50
24 32
11 4
29 31
37 11
33 13
19 35
15 100
41 14
45 47
19 40
38 50
39 3
1 38
49 43
25 41
11 1
14 9
33 50
13 37
30 24
48 12
38 16
15 100
22 2
5 16
23 49
30 35
49 19
39 24
6 11
16 31
26 27
7 40
37 14
13 24
0 43
49 48
29 10
15 100
39 25
12 18
42 35
16 21
19 39
14 32
12 21
43 28
26 43
30 33
6 41
48 19
14 48
11 37
20 15
15 100
47 8
40 33
26 5
17 42
1 11
31 15
43 43
10 10
46 37
2 25
44 34
15 15
2 3
13 39
41 7
15 100
3 37
15 17
20 41
48 11
6 23
47 37
38 14
4 23
24 50
34 0
24 27
34 13
43 11
16 30
50 6
15 100
37 27
18 26
18 12
41 15
48 47
38 45
34 0
8 12
23 6
11 31
31 9
7 15
22 24
26 38
28 50
15 100
19 39
26 37
39 44
23 29
34 20
26 21
14 34
21 47
46 18
2 6
49 34
40 31
23 11
29 23
49 7
15 100
47 17
20 22
28 9
40 25
38 23
46 38
45 34
21 40
5 16
33 32
47 5
15 36
36 12
21 40
9 20
15 100
47 5
11 41
1 14
24 42
39 12
14 8
50 33
17 46
23 22
36 30
3 7
35 44
17 46
30 39
35 40
15 100
33 5
19 18
46 21
32 20
12 46
6 0
28 30
34 45
50 31
41 36
10 45
43 19
12 34
14 42
22 23
15 100
5 4
28 25
48 49
46 3
43 32
49 23
32 1
2 40
46 27
20 37
12 4
5 29
24 17
12 12
8 9
15 100
36 39
38 38
13 35
36 33
39 28
14 11
0 20
12 28
10 33
29 4
44 41
9 49
44 7
40 30
19 22
15 100
39 29
10 27
17 48
36 2
30 49
5 18
10 30
13 47
32 23
29 10
1 22
25 35
45 18
42 8
49 36
15 100
31 11
14 15
12 5
13 49
33 43
47 38
36 31
42 49
28 24
46 6
34 47
3 9
32 22
1 48
31 24
15 100
33 36
36 22
25 48
27 38
20 9
5 42
47 41
22 13
39 50
37 34
31 20
4 34
3 36
30 5
34 10
15 100
3 41
20 39
12 46
11 40
7 31
49 12
22 20
2 45
33 15
18 44
23 49
38 28
6 42
38 37
21 46
15 100
21 24
11 42
38 23
11 49
37 18
3 36
31 0
30 7
19 37
48 37
4 20
36 42
22 16
33 35
2 28
15 100
4 24
27 15
40 14
39 0
37 25
43 14
35 23
14 39
5 33
50 2
20 3
47 30
46 19
46 2
28 23
15 100
5 32
21 32
48 10
20 10
35 31
35 27
45 45
25 9
7 30
42 7
6 36
35 2
40 30
46 10
7 23
15 100
7 12
5 28
18 27
38 38
37 47
43 46
23 37
40 22
20 22
1 37
29 32
22 13
35 37
18 30
21 50
15 100
28 28
11 33
5 29
9 17
41 46
13 33
15 10
44 5
7 14
27 8
0 30
41 47
17 50
7 9
3 28
15 100
8 31
5 19
38 35
22 47
26 37
16 13
44 32
24 38
11 31
26 12
13 26
42 28
47 33
1 4
43 5
15 100
6 0
10 37
45 49
46 41
19 22
28 36
35 21
42 33
8 27
38 34
39 1
34 4
3 5
37 5
34 29
15 100
35 40
4 45
0 23
17 47
13 37
18 41
22 2
12 38
36 45
14 23
3 2
49 11
6 27
16 17
6 50
15 100
21 41
14 25
9 14
48 27
10 10
13 28
26 9
5 38
21 15
6 35
38 9
11 11
46 42
38 11
8 44
15 100
36 29
8 50
28 42
13 50
18 49
35 5
0 10
14 5
22 35
45 28
44 7
12 29
18 7
20 30
43 3
15 100
48 28
6 5
27 35
47 15
8 40
13 43
45 38
2 34
44 49
43 38
27 11
45 39
40 37
20 10
16 12
15 100
13 13
41 19
43 42
28 14
6 37
3 44
3 22
32 31
5 50
29 49
11 5
9 31
18 23
42 12
33 33
15 100
25 20
46 40
14 13
31 42
27 12
2 4
5 6
26 11
11 32
35 40
4 21
46 38
1 38
10 17
0 18
15 100
50 25
38 20
39 1
33 19
18 34
31 20
38 11
0 13
47 11
45 32
1 23
2 21
10 28
33 46
45 33
15 100
13 45
32 25
39 45
27 21
14 45
4 19
39 42
30 14
29 27
25 49
33 0
21 9
46 6
37 3
26 5
15 100
10 39
24 17
13 12
11 14
33 25
33 11
45 22
27 49
36 6
50 35
4 32
10 50
41 30
5 1
33 31
15 100
7 44
44 31
35 32
18 46
46 25
46 29
37 14
25 38
12 10
18 12
19 47
18 3
47 34
34 26
35 41
15 100
7 42
8 25
48 43
6 15
39 27
40 8
30 0
22 4
39 34
39 31
20 7
28 13
36 24
47 19
50 31
15 100
34 31
48 43
31 45
9 37
34 48
38 23
30 17
49 1
46 11
10 34
42 4
16 19
17 1
43 13
45 43
15 100
19 28
48 16
45 28
10 4
40 18
26 27
41 6
19 13
7 14
24 17
23 16
47 39
35 13
14 28
1 8
15 100
45 20
10 16
36 5
45 20
9 34
38 35
35 2
15 28
16 23
17 40
14 40
5 10
2 41
49 16
43 50
15 100
49 11
19 8
27 4
38 21
49 21
29 36
31 39
38 46
16 3
18 33
44 7
47 23
42 49
13 40
39 30
15 100
13 37
41 32
20 18
10 7
39 8
3 43
18 34
31 6
29 21
34 22
29 1
3 25
25 45
24 12
9 12
15 100
43 22
24 33
29 44
0 39
25 14
22 2
31 40
36 11
20 15
6 4
11 35
5 14
35 4
33 8
17 42
15 100
45 9
39 43
42 17
10 17
30 36
5 26
38 36
41 49
21 10
38 27
39 49
37 19
37 21
48 19
3 14
15 100
36 22
23 49
15 40
40 25
31 19
35 36
20 48
21 10
46 42
45 33
43 8
5 29
1 42
24 49
10 1
15 100
13 20
24 10
18 13
24 7
38 4
1 48
40 21
45 35
5 40
26 24
47 44
6 1
47 7
17 21
6 1
15 100
22 44
22 20
28 14
33 2
22 21
31 23
43 21
18 37
30 48
0 31
21 21
24 28
47 20
9 13
15 40
15 100
14 12
33 10
32 36
25 15
38 47
10 18
44 2
13 36
13 44
33 13
49 28
34 22
30 30
16 40
17 32
15 100
29 31
18 37
16 50
22 41
39 34
11 23
26 29
50 14
14 12
32 47
50 30
49 7
1 29
11 17
18 28
15 100
23 21
34 15
7 50
15 3
14 28
11 25
26 38
3 25
1 42
12 33
12 36
12 10
44 38
39 4
29 31
15 100
33 27
2 16
42 34
40 31
12 3
9 23
28 35
35 5
34 10
21 46
43 33
32 29
43 50
41 6
3 20
15 100
37 10
21 39
26 12
48 15
44 9
43 27
32 20
36 42
50 19
1 45
40 19
27 46
22 45
45 13
0 22
15 100
7 11
33 28
25 33
40 22
49 7
31 15
34 37
10 19
28 9
39 4
29 2
23 5
48 45
24 16
7 49
15 100
38 39
10 20
16 35
28 31
31 0
38 11
15 22
22 25
41 25
35 3
29 13
30 1
43 1
20 42
17 28
15 100
40 30
16 50
24 7
8 1
38 39
1 25
24 17
21 21
42 37
46 0
40 24
38 45
50 31
46 19
22 13
15 100
21 36
43 12
10 16
19 18
18 31
32 19
5 5
10 27
0 2
13 46
2 27
44 41
21 17
46 42
11 42
15 100
4 32
27 21
44 37
11 37
30 29
17 11
23 48
41 33
24 42
9 11
11 12
12 5
27 8
47 22
50 7
15 100
13 3
40 14
49 7
1 9
19 31
13 10
16 10
7 6
43 5
48 27
16 34
39 29
13 15
37 9
11 36
15 100
17 24
13 31
12 11
12 13
20 31
18 7
16 34
17 23
15 35
29 37
11 19
20 50
22 33
39 33
43 50
15 100
43 34
48 30
14 9
41 0
48 36
6 40
43 22
24 35
45 39
19 48
25 30
42 20
3 13
2 16
21 45
15 100
40 13
28 11
44 16
20 8
17 42
18 48
32 36
19 30
20 38
43 39
10 42
43 1
11 46
39 14
11 9
15 100
8 25
48 11
36 41
1 5
23 43
22 42
40 28
27 33
7 21
21 50
9 31
41 26
6 2
21 45
16 6
15 100
29 49
31 26
34 16
16 10
46 39
27 42
4 17
19 5
50 26
26 45
50 9
50 41
35 5
17 5
25 7
15 100
36 3
30 16
3 39
6 19
23 27
32 50
18 11
16 38
16 41
38 43
9 38
1 9
2 37
39 44
16 38
15 100
0 2
15 4
43 18
43 24
11 15
0 18
15 18
29 5
5 19
20 44
36 30
5 38
13 7
49 26
0 39
15 100
39 25
15 3
3 8
47 21
6 32
10 6
50 50
24 2
5 4
47 50
22 32
3 27
19 41
8 42
42 33
15 100
31 30
32 46
7 35
28 28
5 34
10 16
14 34
15 39
11 45
17 7
19 39
39 22
40 33
13 22
24 29
15 100
4 29
8 10
50 40
19 1
18 25
36 28
15 50
36 4
12 47
24 29
3 43
42 43
39 31
25 26
27 23
15 100
4 5
27 12
15 26
2 35
27 45
34 37
47 23
11 32
27 48
29 25
1 32
17 43
49 6
49 48
6 50
15 100
21 11
5 22
23 20
48 50
29 49
44 12
10 40
35 46
47 37
43 25
11 18
31 3
36 30
34 34
27 40
15 100
33 22
0 12
44 49
33 15
48 11
39 16
49 23
30 33
18 26
44 35
0 5
3 6
33 39
36 16
47 37
15 100
5 3
9 31
16 27
29 49
17 0
34 30
41 32
2 46
40 20
21 33
4 47
38 32
2 20
20 12
10 16
15 100
49 41
20 32
21 10
34 24
8 0
49 16
30 40
49 32
35 38
26 30
20 4
0 33
37 2
27 6
14 38
15 100
48 38
28 42
19 23
1 2
47 34
27 19
50 31
8 48
37 17
9 12
22 30
17 22
37 3
25 13
34 13
15 100
0 31
0 2
22 45
25 23
21 46
6 49
15 31
3 48
28 41
40 12
27 11
16 44
33 2
21 32
15 5
15 100
20 41
10 45
43 7
39 18
4 35
38 11
33 2
42 10
25 44
0 14
5 28
25 21
46 32
48 17
14 13
15 100
47 34
3 31
28 20
38 42
38 43
26 26
28 33
2 44
43 27
11 44
41 42
46 40
12 41
22 35
32 10
15 100
48 2
18 25
8 20
45 20
11 7
12 11
7 14
44 9
7 11
11 44
29 26
35 24
16 21
39 12
5 46
15 100
47 27
22 14
26 30
34 21
0 20
2 37
31 9
1 50
43 33
10 3
26 39
30 35
37 20
6 50
6 11
15 100
45 2
13 42
16 39
21 50
9 46
19 36
33 25
45 8
24 12
15 8
15 16
21 19
0 7
39 6
31 19
15 100
43 0
21 5
42 37
44 12
11 28
33 4
38 15
29 7
48 27
19 37
35 8
2 5
28 28
37 41
8 18
15 100
10 0
18 31
30 34
43 49
20 3
0 2
32 38
42 11
45 39
12 13
26 48
22 2
27 24
30 14
14 39
15 100
6 49
13 49
30 44
32 47
16 1
50 16
29 31
3 20
16 49
34 29
36 34
0 7
36 27
31 41
15 20
15 100
29 21
18 16
44 22
34 50
18 50
26 42
15 4
48 19
24 38
42 7
16 27
41 41
9 1
18 14
42 33
15 100
8 45
29 1
10 47
23 45
47 16
44 22
7 34
26 4
27 24
17 18
32 7
19 47
49 2
48 16
42 13
15 100
23 50
32 26
0 43
23 49
11 19
14 29
15 21
12 15
0 39
39 17
31 45
24 25
16 22
27 38
12 18
15 100
1 10
43 33
36 43
50 33
41 10
26 4
14 41
0 26
30 25
40 19
42 45
38 40
19 3
37 47
42 23
15 100
39 43
33 31
50 19
49 50
26 39
34 2
18 48
43 43
49 23
17 12
16 33
6 3
22 26
32 33
47 23
15 100
6 35
40 39
41 13
32 39
37 8
1 21
10 19
43 27
36 15
24 2
27 14
35 8
43 32
8 24
14 4
15 100
21 20
13 35
34 3
48 40
42 35
48 44
5 32
37 22
34 23
38 7
50 39
47 35
47 39
16 29
12 4
15 100
33 7
25 21
42 33
49 39
22 15
23 45
33 2
26 19
25 34
16 37
42 16
25 12
25 47
0 15
25 37
15 100
19 33
44 18
3 35
0 26
23 23
41 47
17 23
23 17
43 48
1 33
8 17
23 34
29 48
30 29
12 29
15 100
15 32
11 8
50 39
17 0
15 40
48 5
10 14
29 34
31 46
5 32
2 14
23 26
22 1
23 1
30 10
15 100
30 19
42 16
1 15
4 18
15 44
33 37
50 43
0 2
0 6
22 6
12 24
45 36
24 16
37 48
42 42
15 100
7 46
10 23
11 37
38 41
4 28
34 11
14 7
4 40
9 4
46 5
35 7
4 29
43 28
19 4
25 10
15 100
46 6
6 30
3 17
16 42
32 46
44 16
6 7
48 35
47 32
14 16
37 49
24 41
2 41
19 21
45 18
15 100
6 14
50 12
45 2
3 35
18 36
30 11
26 11
44 23
20 14
4 34
31 16
7 29
6 9
19 50
4 39
15 100
43 35
2 42
47 47
18 25
32 37
35 36
22 35
21 40
7 42
29 37
25 9
2 32
38 33
15 31
7 45
15 100
44 50
29 47
41 0
17 8
50 23
19 34
9 16
43 4
30 24
46 8
10 46
17 37
1 29
45 17
35 1
15 100
36 28
0 39
49 15
39 16
48 12
39 42
20 22
32 12
27 11
37 47
20 21
42 11
33 18
15 1
9 24
15 100
2 45
1 27
33 0
16 47
41 13
8 29
29 29
26 10
15 27
22 1
23 16
48 40
27 30
7 16
31 16
15 100
40 7
35 16
34 17
16 24
38 31
11 47
34 41
50 9
0 14
36 47
41 34
12 38
23 14
17 4
30 22
15 100
45 20
29 29
36 37
20 26
10 8
31 46
29 14
36 2
24 11
41 34
7 31
17 45
43 14
8 9
18 38
15 100
5 37
32 34
15 42
45 36
42 4
44 22
0 47
11 10
49 35
21 39
43 3
45 35
48 37
49 5
21 42
15 100
17 26
28 24
35 18
40 29
3 32
8 21
28 33
17 39
43 40
48 39
28 15
42 22
50 39
34 22
18 4
15 100
13 35
30 16
8 14
34 49
18 11
4 26
32 6
8 23
46 0
12 17
13 14
32 4
11 31
43 45
3 10
15 100
49 41
20 2
31 2
42 14
25 9
50 29
9 31
10 17
28 5
42 40
47 5
4 29
9 40
34 27
34 11
15 100
11 6
27 5
33 7
8 49
47 33
32 46
37 41
1 47
7 29
26 24
44 22
29 48
25 12
11 34
13 45
15 100
19 50
25 46
4 7
28 12
31 24
20 12
44 6
3 19
27 35
49 2
8 42
49 11
13 49
49 24
32 36
15 100
43 0
35 17
21 40
49 49
1 29
47 21
42 14
1 19
34 28
3 32
4 37
48 3
22 10
1 45
8 7
15 100
31 0
7 15
42 28
4 40
0 31
44 47
1 35
36 28
28 19
5 5
25 10
42 22
38 39
6 39
33 39
15 100
46 38
13 27
3 4
30 32
18 30
12 11
1 39
46 37
16 48
30 21
3 4
5 19
0 17
7 31
30 15
15 100
44 25
27 6
27 30
10 6
37 28
10 49
40 36
37 9
47 27
32 26
23 35
4 28
3 29
46 36
34 25
15 100
0 27
25 27
33 26
32 17
6 18
20 16
41 34
27 2
17 23
29 49
24 1
33 2
4 37
32 50
22 40
15 100
49 47
17 48
48 24
23 3
42 29
21 36
20 37
19 21
39 36
18 42
35 42
44 42
19 22
2 25
46 49
15 100
14 44
45 5
16 17
30 39
20 46
43 16
31 37
2 24
7 15
9 25
6 18
42 24
10 35
46 37
9 41
15 100
36 48
9 30
3 25
21 33
13 42
2 30
7 33
16 9
6 48
24 40
48 4
8 13
29 43
48 24
3 31
15 100
40 39
28 49
44 31
23 14
38 10
5 40
41 37
47 31
46 2
29 44
17 0
49 50
13 1
16 10
50 19
15 100
41 39
8 18
37 1
24 34
40 11
45 20
1 9
6 22
14 2
25 17
20 16
17 43
15 30
44 31
40 44
15 100
50 4
6 32
48 44
7 21
1 48
32 20
17 7
3 23
30 18
50 29
35 20
45 2
12 34
6 31
14 47
15 100
49 38
25 4
20 22
22 27
43 24
24 50
18 15
31 22
39 35
40 38
13 49
32 32
25 19
15 32
50 3
15 100
28 48
42 27
26 11
50 49
12 42
47 37
15 14
26 47
36 14
31 25
27 19
49 33
0 23
26 41
4 25
15 100
44 6
47 9
34 48
45 33
46 7
49 42
18 14
5 44
10 42
33 41
41 34
34 39
16 9
12 43
50 16
15 100
42 17
23 13
1 6
10 46
13 5
2 11
21 20
25 26
14 9
42 21
25 33
4 8
46 45
17 7
37 41
15 100
49 3
33 21
16 34
1 0
3 39
30 6
50 0
0 50
0 39
33 43
9 7
50 38
16 45
33 7
2 44
15 100
23 0
47 30
46 37
38 21
37 41
9 41
21 33
41 22
32 16
10 15
8 45
47 7
32 37
1 14
45 28
15 100
8 42
28 29
21 48
16 8
18 27
49 27
18 20
10 33
16 16
49 26
5 6
45 2
38 27
13 14
15 7
15 100
42 23
23 20
2 44
42 43
1 10
19 25
11 11
19 46
45 35
37 17
10 42
49 30
18 36
6 32
50 21
15 100
13 16
19 37
10 46
4 1
38 31
11 6
5 48
43 24
43 11
8 29
28 43
46 26
47 13
37 2
19 10
15 100
49 33
26 17
44 36
12 48
38 24
28 23
4 7
20 47
5 13
7 38
16 36
5 11
36 1
25 47
4 18
15 100
7 27
0 33
18 18
44 4
41 31
28 18
28 32
0 49
3 5
36 35
44 1
45 49
13 31
50 12
27 28
15 100
30 8
29 5
42 47
48 9
0 38
40 2
6 42
35 31
40 12
36 25
47 3
1 42
1 14
47 26
0 23
15 100
28 30
32 7
9 48
3 7
6 29
45 20
31 25
11 40
5 26
26 16
25 23
19 26
39 21
14 35
21 14
15 100
32 49
19 38
30 2
35 8
9 15
11 29
9 42
3 46
6 34
46 32
50 20
29 18
21 17
13 35
1 8
15 100
24 34
32 17
21 11
19 31
44 3
20 4
32 30
47 9
50 27
17 45
8 41
39 38
34 9
4 47
19 31
15 100
30 17
14 11
34 9
47 27
40 41
30 10
45 36
14 15
46 38
42 37
6 25
28 45
12 11
29 41
7 48
15 100
21 11
39 9
22 22
19 19
49 33
9 3
17 28
39 5
44 34
43 9
21 49
34 49
18 20
34 47
36 41
15 100
18 31
27 6
15 49
2 34
42 0
41 0
3 33
3 17
38 47
25 5
30 46
28 14
18 46
8 1
16 44
15 100
17 34
50 44
14 14
16 16
22 8
17 12
33 45
19 36
11 7
6 37
37 37
6 39
25 50
9 7
25 25
15 100
26 16
34 25
34 48
39 0
14 35
33 5
47 15
50 41
26 36
22 32
47 8
43 27
47 42
0 5
50 26
15 100
5 25
16 39
50 0
36 12
25 24
47 32
29 17
21 3
7 47
39 29
3 9
11 46
36 33
38 37
12 11
15 100
37 17
36 27
30 9
27 16
46 26
40 42
32 44
33 3
47 15
50 9
44 2
18 30
23 28
12 35
39 24
15 100
46 25
16 5
2 46
14 3
36 9
4 0
25 36
44 32
39 40
47 13
49 15
40 41
45 12
18 31
21 7
15 100
29 16
6 45
46 33
15 34
11 0
17 40
0 42
25 18
49 39
32 45
26 30
34 15
45 28
2 13
33 23
15 100
45 12
14 25
31 9
33 46
44 44
47 10
33 21
27 32
40 50
45 46
44 20
26 28
10 45
30 12
32 38
15 100
9 26
50 23
26 4
7 8
0 25
1 21
9 8
16 10
14 30
9 34
26 3
3 26
5 38
20 9
24 2
15 100
47 34
28 20
31 28
25 38
36 50
12 11
45 47
19 10
6 8
41 16
42 16
44 19
42 23
7 11
32 31
15 100
13 3
14 16
48 20
44 47
7 4
46 45
15 40
41 35
25 47
43 15
12 8
31 30
27 47
2 34
7 9
15 100
40 46
12 28
36 34
48 29
31 5
7 0
24 23
15 14
32 40
10 49
4 48
6 9
27 33
5 4
42 37
15 100
13 31
32 50
8 17
33 6
21 38
36 28
39 9
0 28
23 32
17 7
30 46
29 36
4 6
44 9
35 35
15 100
46 48
15 2
21 48
19 3
3 14
16 13
17 4
47 17
6 19
24 23
1 28
18 30
39 47
10 32
30 45
15 100
16 50
16 5
1 37
2 46
15 31
34 31
18 0
9 15
18 15
8 16
38 9
44 30
14 32
26 49
38 30
15 100
18 28
29 34
33 31
46 10
0 10
41 34
41 8
35 24
23 27
39 6
43 0
15 10
4 3
17 4
2 4
15 100
34 20
7 12
28 40
17 23
50 17
33 14
26 48
48 10
21 45
37 34
0 3
8 16
38 12
44 4
16 46
15 100
34 50
40 41
37 18
4 3
41 29
46 49
43 21
20 40
5 16
35 16
24 9
19 33
25 31
45 19
36 11
15 100
39 44
10 29
8 21
21 12
25 36
15 45
8 33
15 29
47 20
19 5
10 43
15 3
25 40
34 20
33 44
15 100
31 47
37 15
50 19
11 20
6 36
30 21
30 39
3 19
42 0
13 10
5 23
2 20
26 2
35 9
22 42
15 100
28 27
12 39
16 11
8 27
5 14
37 10
9 41
49 38
34 14
12 47
24 17
44 0
12 19
2 21
3 49
15 100
37 5
50 24
44 16
9 1
17 15
40 29
50 24
19 48
11 3
36 23
24 9
14 18
34 0
11 11
46 39
15 100
9 33
44 9
6 38
50 15
13 41
4 28
19 3
1 13
25 37
41 10
9 14
44 48
6 2
49 18
13 44
15 100
31 22
0 25
5 31
37 29
21 50
20 50
27 13
28 2
0 2
39 41
38 22
30 5
20 36
7 18
28 20
15 100
36 9
17 37
8 47
42 45
26 12
18 20
12 46
7 40
22 8
16 36
49 28
7 2
34 27
39 15
19 41
15 100
10 5
50 27
16 32
48 7
26 48
20 45
42 6
14 50
20 10
32 36
46 30
14 3
7 22
30 46
11 24
15 100
36 21
29 10
22 45
42 20
26 43
17 20
11 9
26 50
33 46
9 14
6 5
18 45
33 25
16 37
45 1
15 100
10 5
23 13
15 19
32 31
13 8
48 31
28 8
14 4
32 21
24 42
9 30
21 27
24 3
27 14
14 21
15 100
16 25
26 13
38 15
6 20
47 20
2 18
25 30
1 13
8 33
34 33
49 43
37 19
44 11
47 20
50 11
15 100
42 40
10 17
2 48
33 9
42 3
3 44
21 28
49 47
41 6
30 24
13 28
41 0
22 34
36 43
4 35
15 100
3 46
25 38
37 1
10 44
35 1
47 38
20 43
15 18
39 5
24 43
3 38
46 44
12 17
28 48
9 6
15 100
32 38
26 31
25 12
33 9
6 42
11 27
30 31
44 19
23 7
50 47
50 2
8 19
21 20
36 23
17 20
15 100
29 24
32 4
29 31
41 36
41 21
28 26
49 7
31 16
0 3
48 50
24 48
2 33
41 48
27 27
20 19
15 100
21 49
17 2
27 46
33 17
32 48
39 9
23 11
41 3
1 41
6 50
15 31
21 42
38 11
39 14
38 8
15 100
33 33
31 24
35 32
20 43
23 1
40 11
10 13
47 25
16 49
40 48
48 4
2 43
46 40
3 34
3 16
15 100
16 11
49 21
35 34
27 29
0 0
30 40
11 14
27 33
13 18
31 3
15 2
7 17
45 28
31 22
36 8
15 100
38 2
44 37
48 3
45 25
32 45
25 12
8 10
0 10
17 14
28 22
17 17
24 49
8 43
26 39
15 12
15 100
47 2
39 15
13 10
18 7
9 50
26 34
36 9
19 37
19 36
25 21
33 16
12 6
14 45
24 15
7 13
15 100
27 28
40 40
43 3
24 10
35 34
10 36
42 46
19 10
6 12
21 31
33 3
47 19
34 36
13 32
0 20
15 100
45 1
48 35
15 41
12 39
25 21
22 35
6 14
5 25
49 36
37 44
42 44
21 38
37 5
48 50
11 48
15 100
44 31
23 16
40 38
31 1
27 5
22 49
15 3
37 20
2 36
30 40
29 21
7 0
34 45
30 31
18 41
15 100
3 37
21 26
2 10
14 7
36 15
12 33
38 27
36 25
21 38
10 1
1 39
47 34
39 30
2 43
36 20
15 100
34 39
31 29
39 7
14 2
14 24
42 27
6 30
28 16
4 24
29 14
50 4
27 46
38 41
26 14
33 36
15 100
9 41
24 40
45 12
48 33
40 11
6 31
12 38
35 41
28 39
39 31
27 38
36 29
33 48
44 33
12 26
15 100
18 21
42 42
35 10
29 32
43 43
18 23
48 30
35 33
45 13
46 33
18 48
20 3
26 28
26 19
10 12
15 100
19 3
7 35
19 42
45 48
24 11
40 16
9 38
46 44
45 41
31 40
48 50
11 18
27 37
20 27
30 30
15 100
39 24
33 20
8 2
12 28
24 10
39 39
26 48
0 21
16 45
36 47
8 8
20 20
0 48
31 20
49 36
15 100
24 38
34 32
7 16
34 44
44 32
28 7
20 3
29 45
50 45
13 9
16 22
17 36
16 17
7 21
37 6
15 100
31 36
18 39
17 50
5 25
18 49
6 46
30 1
50 9
46 23
28 34
32 44
30 24
4 20
41 36
15 2
15 100
16 47
38 34
35 4
8 14
3 0
13 9
46 43
35 19
26 5
42 4
39 49
48 18
47 26
38 11
12 27
15 100
13 28
23 25
37 33
3 19
21 6
19 34
41 14
1 25
8 1
4 24
5 43
22 28
35 43
3 47
4 40
15 100
24 42
18 21
42 29
28 45
22 50
26 41
7 41
29 8
15 37
35 45
11 40
37 7
17 22
25 46
18 29
15 100
35 16
20 27
38 11
30 15
31 1
14 31
16 22
21 46
4 10
6 39
4 42
3 16
24 45
38 49
40 30
15 100
1 50
21 21
0 8
7 5
23 38
6 12
43 23
8 13
43 12
23 23
26 2
15 29
18 13
48 30
11 38
15 100
34 12
11 4
7 36
12 14
41 10
26 22
22 18
19 30
5 11
16 3
8 16
5 23
19 48
36 17
27 21
15 100
29 35
7 14
40 15
50 26
3 15
36 30
37 32
22 5
36 28
41 27
31 49
43 10
47 37
7 6
3 8
15 100
28 6
43 35
20 6
24 44
33 28
8 43
32 45
50 3
24 35
5 14
36 10
38 3
45 34
40 26
40 17
15 100
34 42
23 1
27 17
32 25
10 39
2 19
32 8
38 5
12 12
14 42
26 0
2 13
3 47
21 17
48 11
15 100
34 31
27 31
6 3
22 39
3 6
1 5
25 7
14 13
12 0
50 27
42 25
27 18
13 4
40 8
21 37
15 100
19 29
42 21
9 23
24 5
36 1
11 37
7 11
45 46
49 6
20 48
7 36
47 34
29 9
38 18
18 33
15 100
29 11
11 20
32 45
17 31
50 2
32 36
40 13
47 34
33 45
14 2
42 22
13 38
30 42
22 43
9 14
15 100
25 12
50 11
6 6
5 24
37 30
26 43
15 40
31 36
48 38
30 12
41 46
8 28
7 12
19 3
4 2
15 100
17 4
14 42
15 45
48 45
18 8
49 19
0 38
8 5
23 6
44 27
43 8
22 0
36 30
37 4
7 42
15 100
31 25
20 45
16 9
39 13
28 32
46 27
0 20
14 8
26 12
14 44
39 6
1 11
31 11
15 18
40 22
15 100
34 20
21 28
39 11
11 1
49 39
33 44
15 7
14 4
41 40
16 29
33 4
10 8
40 41
44 29
33 33
15 100
26 41
27 47
18 15
8 29
41 6
43 49
0 32
5 14
36 46
28 26
25 35
5 35
17 19
50 10
49 7
15 100
17 24
48 44
20 41
33 2
44 23
34 10
21 8
43 1
22 2
21 24
29 20
8 8
29 50
27 3
9 25
15 100
10 26
23 32
19 18
47 26
20 15
49 28
50 45
36 42
20 32
45 15
5 48
36 38
5 39
37 6
16 46
15 100
6 0
46 29
33 39
47 3
14 42
43 13
19 43
32 5
8 1
37 27
41 43
24 26
30 3
40 42
35 5
15 100
37 41
6 7
19 13
46 16
41 10
7 8
48 26
25 3
5 33
4 43
10 45
9 8
46 13
37 9
4 21
15 100
14 16
11 45
23 4
7 43
20 23
2 1
31 24
2 5
27 32
38 5
24 22
25 7
31 45
21 42
3 50
15 100
12 17
15 48
37 12
26 44
5 21
16 32
22 21
6 49
26 33
31 14
13 29
10 38
37 41
32 7
6 35
15 100
6 43
26 47
14 12
8 41
31 13
11 21
20 33
43 26
6 18
33 37
6 46
40 17
33 26
32 14
7 39
15 100
23 39
5 50
35 20
36 17
10 16
5 21
12 25
28 4
0 34
47 33
45 3
29 35
45 36
35 26
25 43
15 100
39 48
5 45
21 40
14 32
31 49
22 36
19 34
10 47
12 10
5 9
18 24
12 21
33 6
31 18
6 5
15 100
35 20
28 40
14 23
3 2
4 34
0 27
45 44
35 4
14 48
40 19
6 7
18 43
2 0
23 33
43 29
15 100
39 27
23 16
41 37
39 18
13 18
27 38
45 21
31 29
25 46
0 14
39 6
46 6
23 48
7 46
31 50
15 100
50 44
1 22
9 16
34 22
9 47
40 36
9 8
31 40
12 5
9 12
45 49
44 14
29 16
12 10
37 17
15 100
10 36
10 36
7 44
26 41
40 35
12 30
20 21
12 0
35 24
31 19
11 50
42 29
13 20
45 25
31 31
15 100
16 15
41 26
25 49
44 0
13 34
36 25
38 30
20 50
31 5
49 36
24 9
35 15
38 48
9 6
48 40
15 100
12 38
29 2
14 3
25 7
4 39
15 14
13 2
44 8
2 49
13 0
34 11
34 18
0 46
41 9
1 12
15 100
24 38
50 27
41 38
31 15
20 9
28 35
48 16
38 41
24 14
40 11
39 48
47 22
16 47
17 31
30 18
15 100
17 28
6 16
5 21
29 10
10 49
44 39
33 41
4 45
5 2
33 19
13 21
17 9
43 33
30 9
38 34
15 100
2 4
12 33
45 42
28 23
26 38
21 19
0 29
34 29
48 13
31 31
33 18
1 50
27 19
6 31
28 18
15 100
15 4
22 27
11 41
43 39
14 18
1 9
11 26
38 19
5 36
32 10
41 14
29 16
38 30
35 44
11 38
15 100
11 26
16 7
27 28
49 19
41 37
11 16
46 22
43 34
41 22
44 47
32 8
36 35
24 23
15 9
42 0
15 100
47 27
0 37
9 27
14 32
20 5
18 5
21 13
27 38
21 42
9 39
12 16
47 48
0 21
46 40
4 11
15 100
40 25
12 40
11 46
41 26
27 35
5 45
40 0
33 41
39 3
32 22
43 19
38 13
41 13
34 36
2 38
15 100
21 43
37 8
6 49
3 48
49 31
32 3
50 47
28 6
37 41
35 44
13 1
12 25
14 2
38 23
13 15
15 100
10 8
32 48
16 38
20 45
9 18
50 16
21 49
12 23
30 23
14 14
16 27
15 2
26 3
30 39
26 17
15 100
3 11
25 9
33 16
21 2
10 31
20 9
21 15
32 7
38 11
30 1
50 21
2 14
23 29
43 2
42 18
15 100
19 45
29 19
28 11
35 49
13 45
3 7
28 49
22 9
5 10
46 10
36 45
31 39
34 3
42 26
31 33
15 100
44 24
1 23
43 29
8 27
1 22
46 5
29 23
28 26
7 34
10 2
44 46
47 49
8 30
26 24
30 6
15 100
6 24
5 32
21 48
10 29
50 37
25 19
16 29
43 44
4 50
27 39
26 45
8 22
43 17
27 44
41 6
15 100
24 22
30 29
3 25
27 39
29 0
25 3
19 41
6 11
34 35
35 36
23 35
4 32
7 22
23 34
15 13
15 100
14 39
9 45
18 13
44 19
26 22
19 0
0 12
15 6
49 23
42 33
33 14
18 38
20 50
34 43
7 23
15 100
31 21
11 40
40 3
27 34
47 2
30 40
27 30
2 16
37 0
14 2
7 47
16 50
8 11
49 42
3 5
15 100
14 34
1 0
49 41
28 25
49 25
2 29
39 3
8 41
20 19
41 8
21 23
4 12
22 13
23 21
29 0
15 100
0 18
35 26
18 33
17 20
32 15
45 8
18 34
12 27
49 6
20 40
14 16
12 43
2 8
5 25
3 9
15 100
25 4
27 34
30 19
41 21
39 23
11 8
31 29
42 17
30 40
23 0
3 11
41 40
4 43
49 34
17 1
15 100
43 16
30 44
0 35
12 15
30 26
38 41
34 44
20 50
10 50
13 8
24 42
19 14
5 23
6 28
32 48
15 100
4 49
39 34
43 13
43 29
28 23
29 16
13 12
34 7
36 44
32 50
1 30
15 46
45 20
43 25
49 24
15 100
48 2
23 10
10 40
23 3
18 0
0 48
41 38
34 24
46 20
43 1
44 18
31 8
13 50
2 6
50 0
15 100
4 47
2 27
6 38
41 3
41 34
3 15
5 19
2 39
17 22
33 34
23 0
2 4
33 15
3 36
46 2
15 100
36 0
23 13
1 3
0 43
6 15
26 35
30 31
28 6
44 19
29 27
3 1
27 5
30 10
45 8
20 41
15 100
35 5
41 8
43 42
36 43
8 17
32 34
1 36
39 3
17 33
22 46
34 25
21 10
30 1
45 25
9 14
15 100
40 44
45 30
26 37
46 37
4 29
3 10
12 29
47 1
32 13
8 3
33 42
3 3
26 33
29 46
32 12
15 100
34 21
31 28
25 6
40 46
17 18
24 20
28 10
49 49
36 30
36 44
8 18
35 11
47 36
18 25
31 0
15 100
38 14
46 18
43 46
49 6
15 16
24 39
10 1
23 9
0 9
13 36
27 21
29 12
32 25
48 0
24 2
15 100
25 36
16 45
28 33
40 27
39 29
17 12
17 27
39 15
36 13
24 50
23 0
45 1
37 27
0 8
1 50
15 100
10 26
35 1
20 13
34 35
14 23
13 31
9 5
32 22
20 43
35 18
16 8
18 10
34 30
37 9
38 38
15 100
8 23
38 43
24 33
30 7
17 18
4 4
49 39
34 5
10 28
48 20
46 13
28 39
48 11
43 35
20 4
15 100
47 2
27 9
20 0
42 50
33 33
18 11
11 41
24 46
20 35
48 17
4 18
4 6
31 2
42 23
11 37
15 100
27 32
39 29
41 8
3 32
33 36
39 25
22 0
15 46
20 36
4 17
27 8
9 32
39 40
34 31
37 19
15 100
17 14
0 5
17 42
39 20
48 21
31 37
46 2
11 35
48 31
45 2
22 22
35 32
28 24
46 36
4 33
15 100
4 46
21 4
0 38
20 39
7 43
34 38
29 29
14 14
39 12
45 33
39 41
29 48
22 6
21 18
16 50
15 100
25 45
45 46
24 20
7 44
8 39
36 17
1 39
46 15
2 34
1 21
42 14
37 20
12 8
1 7
0 42
15 100
7 50
37 1
19 10
46 26
3 29
15 14
46 16
27 15
5 4
24 32
50 15
46 36
9 7
19 35
15 44
15 100
27 47
44 13
22 12
23 18
13 0
47 28
14 42
18 16
6 48
20 30
29 44
19 50
30 29
6 49
13 46
15 100
16 40
16 9
2 39
47 50
31 9
0 27
11 39
43 3
4 23
0 49
28 4
43 47
3 22
50 34
45 38
15 100
4 10
1 20
45 29
8 41
28 13
50 2
14 35
42 6
38 46
4 38
19 32
42 11
2 19
7 27
3 1
15 100
14 7
36 40
27 30
18 10
20 21
23 44
23 38
28 14
18 40
35 22
28 3
28 44
14 5
13 21
32 16
15 100
47 20
48 32
9 24
37 28
8 31
49 32
50 21
44 1
10 36
42 45
33 19
48 10
37 36
15 24
31 21
15 100
14 1
41 11
7 0
10 44
2 18
25 25
24 49
20 42
50 30
28 41
49 10
34 20
45 21
5 10
45 10
15 100
31 34
11 47
45 19
47 29
37 49
48 36
48 21
34 17
38 34
48 15
24 20
50 8
41 44
3 20
3 22
15 100
31 9
5 16
5 25
9 26
3 47
49 0
32 46
47 41
12 8
24 34
23 22
29 22
30 19
15 7
39 44
15 100
30 44
27 35
10 6
34 19
32 38
15 30
12 22
50 33
12 11
41 36
20 38
32 49
34 12
42 24
19 30
15 100
17 23
24 18
33 34
24 16
27 5
28 43
9 41
39 8
48 0
44 39
10 38
0 42
10 35
28 1
8 22
15 100
6 50
45 30
17 27
38 15
18 14
20 46
31 3
10 19
11 8
44 29
21 28
17 21
20 1
30 48
3 38
15 100
44 9
37 39
13 28
40 0
43 7
39 37
3 45
40 13
38 25
46 32
4 16
9 46
12 3
47 42
26 24
15 100
30 19
33 41
32 46
19 22
20 36
29 34
23 32
28 12
46 40
12 41
46 16
32 5
36 44
33 32
9 8
15 100
6 13
2 13
29 34
34 22
5 28
7 35
11 30
41 13
17 10
3 29
26 23
19 7
28 4
25 36
10 8
15 100
18 41
22 20
4 0
29 12
22 8
40 3
43 1
34 8
39 25
18 16
28 44
40 47
0 42
25 50
1 35
15 100
8 20
0 4
14 29
4 43
41 0
1 30
3 18
5 11
26 19
36 45
35 13
38 49
34 13
41 8
37 16
15 100
18 45
36 18
49 0
47 27
17 37
1 43
16 5
11 47
41 11
15 27
30 24
14 43
23 49
5 38
31 16
15 100
3 49
11 14
16 34
14 12
36 5
23 37
49 40
16 34
10 7
45 25
8 25
23 47
42 46
19 21
7 0
15 100
37 36
49 22
50 15
31 38
1 16
43 25
27 41
39 18
24 49
25 44
48 7
18 20
3 34
41 23
4 22
15 100
23 41
7 46
13 6
35 44
18 37
34 11
36 10
1 24
28 0
47 27
44 18
34 36
12 12
19 27
9 23
15 100
50 6
13 6
1 0
38 37
44 5
48 27
41 7
12 43
5 40
17 1
42 10
44 50
46 5
11 39
33 20
15 100
11 6
0 49
37 2
50 49
13 17
29 35
45 19
42 31
36 47
20 2
22 36
37 15
36 6
45 47
45 1
15 100
42 30
32 42
29 19
18 28
17 5
45 46
40 13
40 5
44 25
26 39
2 48
24 39
37 9
46 6
31 40
15 100
32 47
20 14
38 23
33 31
25 50
36 44
20 0
7 9
5 25
8 32
38 10
3 12
50 41
46 45
21 0
15 100
8 2
47 2
16 35
25 49
40 50
23 25
44 17
25 25
0 5
50 8
37 38
19 14
24 43
4 44
37 50
15 100
45 19
2 41
22 18
50 21
42 39
21 14
14 39
5 13
13 5
18 37
38 29
49 6
44 47
23 22
41 34
15 100
22 35
3 49
50 50
16 50
20 7
38 15
46 26
3 25
40 41
30 32
28 18
36 0
49 3
48 22
50 38
15 100
5 46
47 33
44 46
32 10
45 2
42 7
42 12
33 46
37 47
10 42
29 38
9 39
13 32
42 10
3 41
15 100
22 34
11 43
16 4
38 49
14 7
25 31
14 16
43 21
11 3
18 22
45 21
34 3
9 47
36 25
31 13
15 100
40 27
47 0
19 13
5 32
36 44
13 10
24 1
26 41
22 12
45 40
8 13
35 16
17 18
38 27
43 18
15 100
14 7
46 11
7 39
49 37
20 34
5 33
44 3
34 44
45 31
5 13
45 38
26 30
4 17
48 42
18 15
15 100
34 33
22 3
18 3
43 16
15 37
24 20
45 42
23 28
35 42
33 15
4 28
2 5
7 6
47 29
22 15
15 100
44 6
48 15
9 40
44 1
30 8
13 3
28 7
19 0
9 28
43 43
43 21
20 20
0 1
0 48
30 23
15 100
12 24
3 34
13 12
23 6
39 27
14 1
4 16
33 23
17 42
0 34
8 18
4 28
12 30
3 12
27 34
15 100
9 39
32 12
47 19
50 19
26 12
46 14
13 24
31 20
47 22
11 21
30 20
13 8
22 25
38 0
12 14
15 100
8 21
27 40
8 23
33 7
42 8
19 11
48 6
35 2
26 5
49 11
27 28
5 14
36 2
40 24
2 1
15 100
38 10
47 15
24 4
38 6
36 4
40 29
40 11
9 50
13 9
29 36
21 30
13 0
45 49
27 34
47 29
15 100
9 9
13 5
49 37
35 10
18 20
14 7
24 29
43 33
2 30
43 5
15 38
36 28
12 4
0 40
38 22
15 100
18 21
31 6
0 29
43 35
39 35
30 28
16 3
31 8
10 7
38 2
12 2
14 22
4 27
26 30
16 13
15 100
1 8
8 32
14 9
35 32
44 23
16 48
25 33
25 30
41 36
37 3
12 50
5 27
21 10
28 48
14 44
15 100
35 15
1 44
21 41
27 5
22 20
2 38
43 2
45 17
32 10
27 19
13 40
43 43
41 13
27 18
35 41
15 100
36 45
5 11
12 26
1 39
5 23
33 33
36 25
35 30
43 16
14 19
35 27
33 27
20 23
15 47
15 24
15 100
12 0
18 17
12 30
18 13
18 48
11 1
30 47
0 14
0 17
5 15
11 14
16 44
42 10
42 31
32 6
15 100
4 44
7 48
10 44
27 2
31 20
25 42
21 4
12 46
44 13
13 49
2 24
12 18
17 28
3 8
33 35
15 100
15 38
28 47
35 12
14 36
15 45
5 40
11 0
18 23
47 11
10 9
34 37
33 21
30 50
49 33
33 6
15 100
17 22
44 45
43 2
31 6
12 46
25 18
9 10
18 2
8 14
38 18
23 22
30 30
43 9
4 15
42 37
15 100
21 33
33 39
1 25
15 32
5 28
28 4
46 11
15 38
38 48
2 26
15 50
48 19
4 14
28 8
3 44
15 100
19 50
26 1
12 27
0 28
9 5
30 11
34 50
47 23
37 35
20 13
10 10
13 32
29 42
20 7
50 48
15 100
0 18
47 1
19 34
2 44
11 11
23 41
47 6
14 18
30 0
2 24
14 37
34 1
43 13
43 12
45 42
15 100
9 19
34 31
20 27
14 48
20 50
33 43
14 30
49 28
48 2
28 24
27 16
35 10
17 27
48 9
39 16
15 100
25 22
36 8
27 30
35 41
27 4
40 10
21 28
14 20
5 36
22 8
9 23
24 18
8 42
45 30
25 7
15 100
47 25
29 32
33 31
36 43
21 38
21 36
48 43
38 36
37 44
21 33
1 4
6 50
22 39
41 41
18 41
15 100
48 14
15 0
20 22
31 6
39 27
44 35
37 15
27 24
0 38
42 46
20 17
50 0
17 46
39 32
36 32
15 100
47 7
46 11
7 16
8 39
47 21
40 40
5 26
29 6
24 29
44 16
24 39
7 48
39 24
17 2
31 27
15 100
34 27
34 3
39 41
44 21
3 40
42 17
3 48
43 32
3 42
10 22
32 8
10 39
30 23
38 21
50 18
15 100
48 7
45 31
11 7
22 4
2 50
19 45
17 22
16 34
4 44
25 39
15 31
22 50
45 26
48 32
48 21
15 100
50 19
29 18
0 14
0 47
43 2
20 11
21 37
8 37
46 12
5 45
25 45
26 21
19 20
48 16
1 19
15 100
37 25
38 40
17 38
3 42
8 21
45 29
32 40
40 14
1 35
26 6
30 26
0 5
47 19
50 18
9 25
15 100
37 21
24 50
10 41
11 39
7 20
34 26
23 15
15 12
30 16
48 30
22 27
30 23
6 27
16 5
45 26
15 100
4 6
21 28
5 31
43 16
44 50
10 27
25 33
17 41
46 21
31 43
25 3
44 5
0 24
6 41
3 0
15 100
16 7
31 37
9 36
43 1
27 10
26 37
12 0
20 29
15 40
24 47
6 49
24 50
3 49
48 9
39 0
15 100
35 30
32 40
41 41
0 7
42 27
18 42
38 30
43 32
33 32
21 6
2 27
29 0
26 33
49 48
16 38
15 100
48 25
42 29
15 32
19 15
40 36
16 32
27 28
36 44
10 43
26 31
49 2
8 27
3 8
34 1
6 25
15 100
13 28
50 4
7 39
11 0
28 25
36 18
6 38
47 16
31 6
8 31
11 31
34 19
32 11
2 41
37 33
15 100
15 0
10 39
29 42
2 14
43 4
39 2
23 19
40 19
35 46
50 17
26 10
22 34
4 4
45 31
19 32
15 100
13 8
6 48
47 9
40 23
24 6
28 12
8 0
6 23
44 15
18 17
33 18
1 4
27 5
33 46
10 1
15 100
1 23
9 7
21 31
17 35
28 15
41 5
27 23
30 7
20 48
23 12
14 30
5 16
34 32
46 42
27 6
15 100
17 29
3 1
10 49
6 1
7 34
16 48
14 18
46 44
25 15
16 22
2 30
1 7
20 10
39 41
1 40
15 100
21 43
43 49
44 3
48 24
29 4
8 20
27 47
12 47
40 11
36 30
34 38
35 35
45 4
45 7
19 20
15 100
48 14
38 40
13 5
17 35
30 47
13 12
16 14
8 28
10 22
39 21
2 47
8 37
32 28
15 0
35 9
15 100
46 6
23 33
21 36
38 38
20 17
8 34
3 24
48 11
26 33
34 40
3 10
36 36
47 42
13 11
43 23
15 100
20 12
3 18
45 24
3 32
12 49
24 20
6 27
19 28
39 19
10 47
33 13
6 44
24 27
35 37
12 1
15 100
34 7
13 38
25 32
11 28
14 48
0 12
43 6
39 11
35 1
4 19
48 38
33 28
5 31
4 40
17 17
15 100
16 1
24 3
13 23
36 24
25 24
22 26
36 14
32 24
50 41
0 28
10 22
40 17
0 45
48 29
9 39
15 100
20 25
14 18
28 27
41 38
1 16
11 48
42 47
11 48
46 35
13 46
12 48
17 2
14 42
47 36
21 5
15 100
24 15
4 39
34 7
40 24
45 41
14 31
38 5
27 23
28 47
7 15
42 45
12 34
47 0
25 17
36 20
15 100
48 34
36 26
47 19
33 37
17 2
1 32
33 14
11 34
37 13
31 19
28 22
38 40
30 8
40 5
50 50
15 100
50 47
8 35
48 4
28 30
15 20
32 17
1 39
31 37
23 42
0 3
35 2
50 22
43 30
4 6
9 4
15 100
31 8
25 39
44 22
17 46
2 33
15 8
50 41
22 4
2 45
20 2
22 5
4 21
1 21
0 6
2 34
15 100
35 7
43 9
46 10
32 37
5 8
19 46
41 18
10 12
47 12
31 17
39 2
47 18
49 48
13 23
28 15
15 100
7 37
47 50
47 16
9 2
3 39
35 22
8 50
15 19
12 11
31 17
2 20
45 49
38 43
21 0
15 49
15 100
41 47
10 37
20 31
28 29
33 31
43 42
2 0
41 42
19 27
3 25
45 5
45 13
29 6
5 50
6 45
15 100
48 21
16 32
33 36
12 10
15 45
41 32
10 17
32 1
9 26
2 37
25 21
16 19
34 45
50 13
44 5
15 100
8 16
1 24
48 34
9 10
44 49
29 8
4 14
50 11
40 8
37 42
19 11
13 10
4 21
29 3
35 23
15 100
33 43
13 34
41 35
42 24
19 9
48 23
17 1
37 17
12 26
50 23
42 44
34 4
3 12
0 32
40 35
15 100
29 23
1 42
31 42
1 48
15 20
6 12
43 24
39 3
15 0
29 14
24 46
32 32
24 35
19 24
42 8
15 100
8 20
5 9
37 11
25 38
8 41
32 14
27 25
12 15
28 1
41 32
41 14
27 22
20 25
32 39
50 23
15 100
48 7
43 2
42 3
38 16
15 46
31 48
35 33
22 21
22 24
23 12
30 13
0 31
9 21
6 41
9 5
15 100
13 31
37 31
8 2
34 46
19 50
16 50
47 0
6 43
46 29
41 18
41 21
5 16
26 15
37 32
5 20
15 100
11 44
26 23
24 34
25 32
3 18
5 19
43 26
44 49
43 40
27 34
32 43
29 12
8 4
1 19
11 31
15 100
13 47
24 39
19 22
47 19
4 0
37 34
44 29
10 38
28 27
1 29
10 7
21 39
44 3
18 45
22 29
15 100
26 36
50 24
49 19
47 46
12 25
46 49
33 13
2 17
0 4
45 26
33 4
34 29
18 27
6 10
47 29
15 100
13 47
39 12
20 11
5 41
6 17
40 26
41 48
40 43
14 14
21 8
41 28
38 49
6 30
50 38
40 46
15 100
41 27
16 29
39 37
14 19
1 46
36 16
21 0
13 35
17 27
50 38
10 14
16 22
37 47
1 36
34 15
15 100
6 24
42 22
27 4
33 42
48 9
37 34
25 32
8 38
42 26
39 41
13 49
29 3
45 15
25 46
25 33
15 100
35 31
32 0
28 8
5 35
24 2
44 35
10 43
42 19
30 33
19 44
48 6
16 0
10 11
15 9
31 14
15 100
42 16
46 23
16 48
6 46
32 4
23 26
14 7
18 5
0 23
12 19
41 9
26 6
9 10
42 49
44 23
15 100
12 35
13 32
33 29
29 13
50 36
17 22
11 5
29 3
10 4
0 22
23 41
5 23
22 39
7 13
37 0
15 100
10 24
10 23
30 43
27 34
30 26
19 21
48 4
27 0
7 37
4 8
34 2
49 39
25 20
2 33
8 39
15 100
33 43
37 17
16 17
34 43
0 13
18 44
35 40
48 36
40 4
22 19
37 30
21 10
44 20
4 46
2 12
15 100
8 10
5 46
1 46
37 36
38 11
49 30
4 7
44 26
43 7
30 40
26 42
44 21
1 37
42 5
32 18
15 100
43 15
2 22
10 4
17 21
40 29
6 12
8 10
45 1
36 11
8 40
0 9
31 19
30 6
5 46
12 12
15 100
14 29
27 41
0 11
45 42
32 8
20 38
46 2
22 40
28 32
25 10
46 26
19 1
45 24
7 24
19 44
15 100
36 7
22 37
23 47
48 17
38 3
0 7
15 46
34 37
9 11
43 34
22 39
34 15
14 2
13 46
27 7
15 100
40 37
14 36
24 37
7 46
29 45
50 3
27 14
23 35
26 32
47 18
40 43
31 24
32 19
0 46
15 1
15 100
2 4
13 41
14 37
28 21
32 31
41 31
8 42
20 31
26 46
37 47
38 26
39 44
24 21
12 50
41 1
15 100
0 43
30 13
33 45
24 35
40 6
40 4
11 48
46 5
28 47
0 14
43 13
15 6
31 39
1 43
38 42
15 100
45 13
34 24
26 16
43 0
26 7
31 15
11 42
13 32
22 15
28 22
30 45
9 45
0 40
7 1
33 20
15 100
43 1
33 0
50 8
42 17
33 17
24 13
6 35
30 19
41 1
35 18
48 39
13 7
7 38
47 39
40 3
15 100
8 6
29 41
32 3
24 23
20 6
14 44
20 20
2 24
14 44
50 23
36 47
36 49
28 43
11 25
31 0
15 100
2 40
31 6
4 37
9 28
34 29
35 48
47 29
43 23
27 6
41 26
3 27
47 39
50 25
5 10
24 36
15 100
35 26
50 41
32 29
27 15
6 11
18 15
33 39
18 25
12 45
5 27
20 8
3 42
21 28
16 26
12 40
15 100
37 48
40 10
12 22
39 13
11 46
24 30
10 7
18 29
6 4
48 12
32 43
45 9
34 41
11 50
16 24
15 100
13 2
46 2
13 7
49 1
20 10
21 19
40 6
0 32
9 6
37 6
43 43
49 12
26 32
2 38
5 43
15 100
36 18
46 31
21 33
12 19
8 6
29 30
50 43
36 50
50 45
31 36
25 48
2 24
9 28
30 36
40 36
15 100
29 25
28 49
30 49
31 16
43 13
23 46
43 22
39 2
47 38
21 1
48 47
49 24
45 8
26 24
18 41
15 100
34 47
15 37
45 20
35 50
36 1
13 33
48 30
30 10
33 26
22 28
27 44
49 50
17 43
7 17
42 0
15 100
7 25
47 48
11 16
17 21
15 27
47 2
10 18
33 40
28 40
40 24
17 16
17 16
15 8
8 48
26 24
15 100
22 7
24 18
4 35
8 46
30 49
23 1
0 33
19 7
47 22
47 36
46 39
26 13
4 41
46 37
12 46
15 100
11 34
3 35
27 32
44 9
2 49
7 50
24 33
32 43
14 2
14 11
38 10
50 13
48 28
28 43
39 15
15 100
13 24
23 16
33 24
22 1
34 24
24 15
23 48
22 29
40 37
5 29
22 43
13 46
30 10
48 33
27 36
15 100
48 40
35 45
30 17
19 27
43 27
25 16
42 23
38 39
26 28
25 32
31 47
24 44
16 29
28 13
11 4
15 100
49 33
19 7
27 23
25 20
50 42
47 25
8 39
48 46
1 48
48 26
29 2
47 28
46 12
6 23
25 42
15 100
2 48
24 46
5 25
18 4
46 18
46 42
17 28
4 39
24 5
36 46
5 40
49 1
17 18
38 48
16 12
15 100
39 43
35 37
38 40
36 5
44 31
48 13
48 39
42 26
27 40
6 38
9 36
27 7
12 18
0 50
15 41
15 100
37 3
33 46
14 20
35 50
25 2
5 48
15 27
36 31
27 38
20 7
25 30
44 26
11 5
44 36
29 33
15 100
26 40
10 8
35 24
28 19
48 28
46 2
25 36
3 35
41 31
22 11
12 21
15 5
21 26
35 14
37 14
15 100
21 12
28 31
21 13
4 23
6 27
0 27
3 50
12 7
35 2
12 6
38 24
28 2
4 23
3 39
12 40
15 100
27 33
1 5
14 47
43 43
20 49
19 20
25 23
20 11
30 4
39 16
35 26
40 37
3 44
10 31
7 22
15 100
20 34
4 46
13 18
17 5
36 37
29 4
31 28
27 25
40 31
3 2
21 39
28 36
50 5
29 9
36 10
15 100
31 30
19 10
0 32
2 17
12 38
28 15
43 8
43 44
8 32
50 11
34 20
24 37
5 24
16 9
33 27
15 100
44 39
31 12
49 31
19 25
22 5
13 50
20 30
33 12
23 15
19 47
26 27
17 0
38 47
49 4
30 31
15 100
5 24
44 36
36 16
17 4
42 13
34 4
38 3
34 45
16 31
9 9
28 35
36 45
9 24
15 7
2 46
15 100
13 7
19 6
43 29
23 34
8 14
48 42
43 35
46 26
29 36
6 12
45 8
21 30
27 31
28 43
12 30
15 100
12 25
37 31
6 4
34 3
38 42
42 9
8 34
18 3
34 21
13 14
33 7
23 4
11 50
9 40
16 21
15 100
44 28
21 31
33 1
9 17
4 47
33 20
6 41
28 49
18 11
20 5
50 2
12 22
31 49
47 40
38 12
15 100
11 31
15 6
36 48
7 45
39 36
16 47
30 47
11 7
45 4
18 14
9 17
42 22
14 22
20 10
12 32
15 100
47 48
37 36
3 23
8 35
42 21
45 7
17 24
3 29
31 49
7 23
37 16
40 28
12 28
25 6
12 37
15 100
38 9
8 25
19 11
22 27
20 13
49 14
21 40
12 49
43 43
21 50
15 8
16 29
10 28
7 35
35 19
15 100
46 47
2 3
46 22
39 17
23 8
31 21
47 26
11 8
24 28
0 46
28 40
28 44
19 12
46 26
48 4
15 100
19 43
1 22
21 21
44 9
39 41
43 44
12 39
44 48
48 42
25 22
11 27
37 39
45 5
1 41
5 23
15 100
19 24
40 20
46 10
16 13
20 4
4 12
22 41
25 40
12 47
31 11
44 43
39 30
5 33
9 31
48 14
15 100
3 17
38 18
11 8
28 27
46 22
5 50
8 27
14 34
16 26
4 22
38 48
14 0
1 44
33 10
25 31
15 100
24 2
22 37
20 33
45 49
10 40
45 40
14 3
42 28
11 7
29 40
3 41
12 42
41 13
36 48
24 10
15 100
2 22
37 24
8 7
32 27
30 16
17 49
5 5
1 47
33 37
29 36
27 32
26 39
24 41
26 9
39 50
15 100
44 41
47 30
40 4
11 21
32 15
37 23
14 42
28 40
39 10
27 17
21 28
23 47
41 47
38 16
30 0
15 100
16 23
41 37
28 30
41 13
25 22
29 11
19 17
3 47
6 16
32 33
33 2
35 5
23 25
27 35
42 6
15 100
35 32
4 26
18 6
30 33
19 5
30 22
41 49
39 44
46 46
9 27
2 16
3 38
47 26
12 23
11 28
15 100
3 46
9 7
46 1
13 0
35 7
30 14
29 20
12 18
39 32
38 48
8 40
39 11
1 35
12 39
32 23
15 100
16 9
43 0
42 13
26 29
13 10
36 17
49 40
37 11
32 25
17 19
48 26
33 10
11 35
19 23
23 0
15 100
20 39
34 38
13 25
0 40
4 38
50 14
29 23
3 40
8 35
15 25
3 37
0 37
47 37
46 15
34 18
15 100
40 29
31 48
16 45
23 41
8 1
2 32
15 31
4 19
20 12
28 9
38 32
20 12
43 41
49 38
5 7
15 100
30 19
36 10
17 26
29 14
41 11
15 43
44 4
48 48
23 42
10 1
1 22
7 46
34 24
37 7
36 16
15 100
39 15
36 24
50 27
24 3
41 14
14 30
31 7
34 28
30 32
19 14
7 45
36 39
41 44
12 27
0 22
15 100
43 39
37 2
37 10
3 35
13 18
49 2
48 3
34 6
31 13
12 25
1 44
44 37
32 34
31 18
35 5
15 100
40 2
19 0
29 30
10 33
15 49
0 38
25 23
42 8
3 47
47 15
21 48
33 15
9 14
23 40
6 33
15 100
19 20
35 12
20 13
43 4
46 7
2 21
45 27
44 36
10 47
33 6
36 28
3 18
17 12
6 41
26 12
15 100
48 20
32 32
32 26
19 24
30 40
5 33
10 0
34 28
10 44
24 17
24 34
46 2
26 37
39 32
1 40
15 100
18 49
9 24
30 15
50 50
14 29
39 44
36 23
18 45
0 29
12 49
20 37
32 40
13 32
27 1
13 28
15 100
15 31
27 49
29 31
14 28
4 2
31 17
46 17
40 14
11 14
17 23
12 37
34 18
27 47
50 3
23 37
15 100
5 38
42 6
11 20
38 25
48 42
1 29
9 47
20 23
35 5
38 1
28 50
13 37
43 40
33 42
17 30
15 100
3 47
43 45
3 3
15 41
2 37
6 3
40 40
24 9
13 34
14 0
35 17
24 22
3 41
36 10
33 27
15 100
15 10
24 7
4 1
10 19
42 37
6 22
40 46
12 38
30 50
21 44
50 31
35 48
2 38
39 13
23 46
15 100
40 38
5 38
19 9
39 3
3 4
40 34
27 29
29 13
41 33
12 12
27 36
17 36
33 19
49 46
6 21
15 100
41 47
33 20
34 26
4 23
29 7
27 18
41 28
21 44
41 11
27 2
48 28
38 14
13 46
8 11
41 14
15 100
6 6
35 39
0 19
14 4
16 17
36 17
35 26
20 30
45 10
16 46
38 13
23 50
2 36
19 35
22 35
15 100
49 28
41 8
42 41
1 30
20 17
48 5
8 32
6 28
37 0
13 2
46 25
15 43
49 42
2 18
26 24
15 100
2 50
27 17
7 18
32 8
48 1
50 45
7 7
1 38
10 38
38 48
40 7
47 29
50 45
21 1
37 47
15 100
26 13
46 2
4 2
45 37
35 42
12 34
11 44
16 37
31 0
49 43
48 38
50 18
41 49
37 11
25 24
15 100
33 25
11 28
1 16
5 46
2 40
11 39
24 47
33 14
33 13
14 31
6 11
43 30
3 34
29 40
19 28
15 100
13 1
2 50
4 3
15 9
49 42
23 34
30 21
31 37
35 13
0 49
19 31
34 11
10 37
19 13
27 39
15 100
41 14
14 43
13 18
20 2
27 43
18 0
27 23
21 7
9 31
45 34
29 13
39 38
50 50
24 18
37 25
15 100
31 2
14 46
19 1
38 40
4 15
32 47
40 33
19 35
40 29
15 9
12 19
47 26
6 20
25 4
13 36
15 100
30 44
38 18
13 7
19 1
21 48
41 27
45 4
10 13
13 24
16 3
33 3
22 4
29 2
24 28
6 37
15 100
38 10
31 26
2 18
7 22
44 2
44 34
29 38
38 39
26 26
13 42
29 20
19 25
24 48
27 49
50 7
15 100
35 38
43 40
38 45
33 45
41 26
47 35
10 50
47 22
39 22
22 26
39 0
46 32
25 45
30 1
43 3
15 100
34 1
41 26
16 28
45 49
47 36
49 17
45 33
17 41
30 30
13 1
5 26
2 25
7 1
19 11
28 36
15 100
15 11
38 30
11 28
8 5
0 29
15 49
47 9
6 38
0 36
17 38
37 22
38 13
47 19
15 41
31 43
15 100
26 20
28 13
50 39
15 32
18 15
11 34
39 32
17 45
19 42
4 10
29 41
32 41
4 2
10 44
43 41
15 100
36 19
35 13
6 34
26 47
41 44
36 26
1 49
7 19
43 0
35 47
10 14
12 16
29 41
43 39
34 36
15 100
3 44
29 38
31 9
47 6
30 37
24 16
12 0
14 44
19 32
44 3
2 28
42 14
44 46
29 36
34 12
15 100
46 12
30 49
24 10
33 20
41 12
31 40
2 17
40 17
35 33
23 28
10 25
5 27
14 23
22 43
9 30
15 100
30 29
16 9
28 41
45 10
35 9
47 41
23 50
7 12
16 43
19 13
45 30
38 25
6 1
48 2
45 31
15 100
32 24
35 49
7 12
13 26
47 48
36 43
38 8
42 20
46 32
37 14
45 31
44 7
30 24
8 2
26 27
15 100
33 33
25 17
5 7
3 18
33 24
40 18
17 2
1 33
47 47
40 33
35 8
38 3
40 18
27 49
45 28
15 100
50 27
35 50
19 40
6 47
32 39
21 46
32 12
48 33
19 18
3 33
0 12
16 13
15 5
5 43
28 50
15 100
45 2
0 29
1 44
18 7
15 24
46 10
19 1
47 42
8 15
9 11
23 35
49 13
22 13
18 1
30 21
15 100
0 24
23 25
2 49
44 45
5 8
43 25
18 12
27 14
28 35
3 11
21 26
20 19
13 42
32 32
43 37
15 100
27 17
10 24
43 38
22 36
6 27
18 50
1 36
11 2
24 13
38 27
24 8
28 45
1 41
10 7
47 28
15 100
44 23
45 29
47 11
16 18
47 22
19 14
21 46
24 6
48 48
44 9
25 18
42 27
37 43
17 21
0 39
15 100
49 18
36 44
47 33
4 37
25 26
9 19
14 4
14 39
11 36
10 29
46 9
47 11
36 7
4 28
29 29
15 100
16 1
47 1
45 18
8 24
4 8
50 13
27 13
43 15
26 28
25 37
6 45
46 28
6 6
35 10
34 38
15 100
13 24
14 9
50 8
1 8
6 6
41 5
44 42
44 36
6 44
13 5
30 20
0 0
48 6
6 6
41 14
15 100
19 3
12 33
37 11
15 39
44 22
19 34
1 12
25 45
49 5
39 36
11 43
5 36
17 27
42 23
8 32
15 100
11 1
9 23
8 46
9 23
34 2
19 2
11 21
40 10
40 38
16 2
48 1
46 28
37 12
4 2
10 37
15 100
34 46
12 43
44 20
12 2
18 21
4 37
48 40
32 37
0 22
49 41
24 47
16 44
24 27
31 2
29 41
15 100
14 37
10 26
3 3
47 15
5 14
10 35
25 8
24 7
45 49
3 18
39 27
14 4
46 12
31 26
14 34
15 100
41 28
20 0
29 23
29 25
13 34
13 23
43 12
5 42
44 0
40 47
43 29
49 31
7 44
43 13
44 31
15 100
47 34
34 17
8 12
14 37
11 1
46 49
25 38
10 30
29 4
4 44
25 21
47 23
1 3
41 44
16 34
15 100
50 38
42 33
29 25
19 43
11 4
45 31
2 44
44 37
48 47
15 27
40 41
48 36
13 50
14 29
17 4
15 100
12 16
42 29
23 20
3 16
38 39
20 6
20 22
50 38
9 21
34 24
48 24
39 46
34 2
19 48
5 36
15 100
27 17
27 18
20 24
13 23
41 25
37 10
31 31
7 4
18 41
50 1
14 48
50 3
17 8
30 36
30 35
15 100
21 6
26 22
50 47
47 37
44 11
11 30
21 16
35 28
20 2
43 19
29 7
41 2
35 7
10 39
43 41
15 100
48 39
47 48
35 20
18 31
6 12
42 17
16 38
33 1
40 27
28 33
21 6
14 11
9 23
19 44
36 36
15 100
34 7
49 5
4 34
25 23
39 32
9 5
23 50
43 31
25 6
7 3
13 28
34 1
14 17
24 33
11 9
15 100
43 19
16 42
49 46
25 24
43 13
30 26
43 27
25 9
7 25
16 40
2 3
42 10
5 5
28 29
12 13
15 100
13 5
6 3
47 5
23 46
3 15
33 33
41 26
34 41
35 42
40 25
31 42
29 22
26 34
2 28
37 14
15 100
41 24
19 22
28 40
27 25
35 30
41 43
37 5
18 20
20 27
36 34
2 41
50 31
38 26
39 40
3 25
15 100
3 19
24 48
41 26
37 42
0 47
46 15
39 6
46 6
0 15
33 37
24 9
1 23
14 39
49 2
28 27
15 100
2 6
46 26
3 10
26 40
1 26
36 47
42 49
27 11
4 27
26 12
13 24
46 40
48 10
28 20
37 31
15 100
47 39
37 16
39 14
26 14
28 27
15 39
48 6
37 24
42 16
1 17
2 39
16 48
28 13
7 31
7 19
15 100
11 4
7 22
20 21
10 21
9 38
22 24
0 20
4 38
18 46
3 44
38 5
7 3
27 9
41 35
40 48
15 100
3 25
26 35
21 21
30 31
42 40
44 13
13 44
7 43
5 0
38 8
44 50
38 25
2 15
35 17
24 49
15 100
15 1
49 15
36 19
36 41
25 27
30 18
15 17
36 47
9 42
47 22
24 15
46 12
40 49
1 49
40 25
15 100
22 29
0 20
45 36
13 30
26 38
32 30
5 21
22 16
17 31
7 14
27 5
3 23
17 43
46 43
16 9
15 100
42 12
39 42
32 33
28 45
37 28
33 18
33 12
39 4
2 31
9 34
45 11
40 48
8 6
14 3
24 4
15 100
37 15
16 25
7 22
7 9
17 19
11 24
37 44
10 0
22 38
5 32
21 24
17 10
21 25
42 9
2 15
15 100
39 39
30 4
14 37
27 46
20 18
14 32
16 26
50 0
0 22
38 5
28 9
29 45
19 24
19 10
33 21
15 100
50 46
9 30
0 23
41 1
44 11
44 7
17 34
33 16
8 33
38 47
38 15
30 41
9 23
14 28
8 22
15 100
23 7
17 33
11 42
30 2
17 23
38 35
5 4
18 38
20 27
46 8
48 7
48 27
49 7
24 37
9 32
15 100
8 33
40 26
40 0
42 44
27 9
42 39
44 47
43 37
8 38
38 28
20 35
36 17
36 8
49 9
45 33
15 100
42 3
40 5
3 29
30 45
47 7
28 38
20 22
8 38
33 42
25 20
19 19
4 29
36 40
37 9
49 6
15 100
42 14
34 5
19 37
8 50
5 4
31 34
17 0
5 50
38 38
41 37
7 10
5 36
13 16
50 25
25 22
15 100
31 41
37 14
20 30
25 28
29 30
32 34
13 23
9 43
23 47
4 13
8 36
48 13
46 11
3 45
10 28
15 100
17 41
43 3
29 12
7 28
40 37
7 47
45 46
19 3
12 42
25 17
5 33
27 27
20 23
12 24
17 22
15 100
26 8
12 44
36 15
30 44
43 20
30 25
41 49
45 34
2 6
26 1
48 5
34 25
6 28
22 19
1 13
15 100
41 28
22 28
46 7
43 25
0 10
19 4
9 9
3 3
44 30
34 44
31 32
23 39
31 29
16 2
48 18
15 100
40 39
20 11
16 15
19 33
40 44
17 9
49 26
43 1
3 10
5 38
3 36
44 26
24 24
5 40
0 2
15 100
32 40
15 26
1 5
15 45
39 30
38 30
39 36
31 5
11 34
16 16
21 19
26 39
20 50
12 25
14 37
15 100
1 20
27 17
47 2
47 11
21 9
41 8
40 3
19 20
34 4
3 50
46 50
43 21
38 12
46 25
11 34
15 100
11 13
3 12
4 24
39 0
10 34
10 25
17 24
29 36
44 12
14 21
36 9
45 28
5 7
15 25
32 26
15 100
33 17
13 10
4 17
35 17
43 45
1 27
44 18
25 47
28 18
33 42
13 18
26 8
21 5
15 36
30 21
15 100
11 37
12 25
47 16
16 31
34 33
50 35
9 44
27 34
40 4
26 48
46 14
15 46
22 36
0 11
21 4
15 100
6 7
41 18
32 38
9 48
43 17
31 17
26 14
35 2
23 49
6 49
46 26
37 11
22 8
21 47
44 43
15 100
26 24
50 16
17 5
28 26
27 46
43 7
12 43
47 47
45 19
19 25
42 15
25 29
0 21
11 21
18 30
15 100
38 44
3 11
34 20
16 37
20 44
32 37
25 18
29 21
39 48
14 7
22 6
22 48
9 22
18 20
18 10
15 100
50 5
28 28
17 12
22 7
49 43
0 4
3 0
22 33
46 35
4 10
42 27
41 39
49 50
10 41
44 28
15 100
1 18
8 29
20 25
15 42
32 38
8 7
42 12
32 38
19 27
22 23
11 14
24 1
2 22
25 37
38 44
15 100
40 39
36 48
42 5
47 32
47 28
19 5
9 36
42 41
23 35
18 20
7 29
34 32
5 10
28 4
21 15
15 100
48 10
28 33
32 45
12 28
26 9
31 45
39 40
30 4
31 28
39 23
48 46
26 5
1 5
40 30
10 10
15 100
19 32
46 22
40 27
16 1
30 42
35 10
10 48
50 41
1 4
43 40
1 40
10 28
19 36
33 8
15 17
15 100
18 9
50 13
31 13
15 47
39 45
12 24
29 22
21 28
37 23
7 29
37 8
43 21
36 11
7 44
19 47
15 100
10 12
5 34
50 10
47 14
31 36
33 43
34 11
15 4
14 1
1 46
5 13
3 48
34 14
34 41
7 2
15 100
12 42
14 17
26 39
2 47
2 33
6 10
26 40
46 15
19 34
41 45
29 46
7 33
18 16
21 1
31 2
15 100
28 43
44 17
35 44
5 11
15 32
44 46
16 44
10 12
8 29
46 24
48 25
19 30
32 11
46 27
37 0
15 100
29 40
18 47
6 27
15 36
38 4
42 5
50 8
50 9
20 32
12 40
5 10
39 50
40 20
35 9
21 22
15 100
34 50
36 1
21 16
2 10
1 40
14 17
20 13
25 44
48 19
25 34
9 5
44 48
29 7
43 13
41 38
15 100
9 25
38 45
26 33
10 3
43 36
43 6
3 37
44 28
30 15
48 30
50 31
35 43
2 38
25 19
0 15
15 100
7 35
40 19
29 41
1 40
44 44
50 10
24 2
48 17
31 1
33 2
31 6
7 15
49 9
2 48
3 28
15 100
13 10
12 27
29 15
17 4
4 35
48 4
46 46
31 17
12 36
18 19
38 50
50 19
39 49
3 16
20 6
15 100
18 33
16 30
10 19
45 1
23 24
37 45
2 6
40 33
48 26
19 15
20 31
39 19
0 2
42 3
43 12
15 100
34 10
19 50
40 3
43 8
5 15
6 16
34 8
47 23
16 44
23 9
33 43
14 47
12 39
49 28
16 41
15 100
40 50
0 9
23 14
37 15
47 16
4 3
32 38
36 28
10 26
46 34
35 29
0 24
50 37
12 48
15 29
15 100
12 4
28 37
38 1
25 50
16 21
15 21
49 48
33 35
50 44
10 46
1 20
49 26
44 22
13 5
19 28
15 100
8 5
6 37
42 19
12 41
18 2
11 33
48 10
30 31
19 4
49 3
24 24
23 47
50 41
18 12
21 37
15 100
14 29
16 21
40 32
40 26
22 7
29 7
40 26
42 45
31 10
49 29
14 47
2 11
43 2
2 10
39 48
15 100
21 3
0 37
24 41
43 38
16 14
45 19
21 8
46 13
27 0
48 50
30 36
46 32
48 12
8 24
22 48
15 100
46 43
0 46
3 49
36 46
36 27
34 4
46 30
37 15
17 39
16 14
38 46
25 8
1 22
20 10
20 43
15 100
32 15
9 6
35 38
4 21
7 14
22 42
18 42
46 29
7 12
17 48
0 5
17 25
38 43
21 7
27 15
15 100
24 8
4 8
14 40
46 18
35 2
32 6
18 24
48 38
3 29
50 45
0 25
24 17
50 11
10 46
19 11
15 100
10 43
20 40
25 34
29 20
27 13
48 33
44 40
32 15
28 9
19 1
3 19
26 28
11 0
39 46
46 32
15 100
6 30
50 26
44 24
35 22
45 36
9 16
18 27
5 50
43 7
8 36
9 37
4 35
14 40
9 27
35 4
15 100
9 42
9 8
42 2
32 0
50 0
36 33
16 4
10 47
28 27
3 11
37 12
48 41
22 36
31 31
12 40
15 100
10 46
5 44
3 48
20 10
48 19
10 8
27 1
12 11
48 14
12 25
25 49
38 47
39 34
6 44
14 19
15 100
34 24
14 13
42 43
10 12
2 33
5 37
41 32
38 27
43 9
15 4
35 15
2 47
11 16
30 43
34 18
15 100
11 42
17 50
5 8
42 40
20 18
47 26
5 37
32 17
38 25
27 28
3 36
43 31
6 28
21 10
20 4
15 100
28 5
21 19
5 26
28 21
15 22
40 37
22 19
23 4
36 36
3 37
13 31
47 30
36 2
7 6
37 2
15 100
36 40
7 6
8 12
6 10
8 46
7 48
32 29
16 30
7 26
40 35
38 2
16 34
6 1
11 13
33 48
15 100
15 43
11 48
49 20
34 29
4 42
24 11
39 6
15 29
10 47
30 50
32 17
26 22
0 32
48 36
19 30
15 100
34 9
22 45
6 45
39 40
23 44
6 22
29 19
2 18
49 12
15 28
36 47
19 11
18 19
17 40
30 36
15 100
20 13
19 16
32 50
36 46
14 33
13 20
4 42
39 31
35 11
43 50
39 28
20 32
13 12
26 30
1 5
15 100
41 46
43 9
37 24
9 22
19 23
29 32
17 34
49 5
39 33
17 32
6 30
34 26
12 48
38 38
1 13
15 100
17 42
9 9
1 46
33 35
42 27
32 20
33 49
28 5
3 17
12 45
23 18
25 6
44 11
28 5
23 30
15 100
19 40
46 2
49 47
48 31
5 39
32 37
33 40
9 11
45 38
28 7
32 25
25 31
31 44
16 34
23 39
15 100
13 16
28 8
18 26
30 40
32 9
28 38
21 11
27 30
47 22
42 49
29 49
23 28
29 28
46 46
11 44
15 100
8 49
9 37
32 28
37 36
17 18
45 20
6 15
5 7
20 1
29 11
24 32
34 47
35 13
24 4
33 36
15 100
48 41
8 7
1 40
9 39
25 0
6 45
45 37
9 24
45 3
50 48
40 23
4 23
19 39
10 18
43 43
15 100
28 15
8 36
47 9
26 5
48 25
30 29
19 50
40 3
23 8
6 23
31 20
46 35
44 40
48 3
7 14
15 100
21 35
29 3
20 25
12 20
4 35
20 9
38 39
8 1
42 31
10 23
3 15
43 24
50 10
13 21
39 45
15 100
35 9
29 39
12 23
38 49
18 17
7 38
26 45
26 8
47 43
39 31
40 17
20 6
15 19
42 2
14 30
15 100
47 23
39 50
11 25
47 50
23 14
41 31
1 16
50 2
24 20
19 37
25 33
3 45
13 43
13 4
45 1
15 100
34 41
25 22
14 36
47 11
9 45
25 50
50 1
40 49
3 38
44 47
25 18
3 2
13 16
46 0
21 40
15 100
2 4
5 27
27 19
37 48
30 21
16 30
45 15
31 35
39 8
22 32
29 21
50 32
24 12
48 44
13 18
15 100
7 40
23 37
16 24
6 27
46 10
48 37
14 43
26 19
1 14
27 48
20 30
19 20
11 17
6 34
10 44
15 100
1 42
33 49
29 23
47 9
0 17
19 48
3 8
14 29
27 40
18 29
12 38
8 5
32 45
22 13
28 6
15 100
6 3
48 40
27 0
12 48
9 37
14 3
9 42
11 23
46 12
38 38
41 50
50 24
29 32
18 25
19 20
15 100
31 25
48 2
39 24
28 26
22 37
12 10
40 21
2 25
19 22
38 31
9 28
4 8
1 33
14 44
7 33
15 100
38 12
33 36
39 21
9 16
21 5
28 8
16 17
3 43
17 47
39 4
27 22
6 5
30 33
38 19
26 19
15 100
26 14
5 8
50 45
4 33
35 50
39 12
7 29
4 11
46 21
7 34
50 9
5 5
14 9
38 27
2 39
15 100
46 29
2 1
11 26
20 15
33 4
15 21
42 47
24 20
32 44
15 40
1 14
23 31
44 37
41 32
13 17
15 100
45 34
20 47
35 32
47 29
21 29
7 10
25 49
7 23
43 39
17 7
2 18
46 50
50 14
37 14
20 24
15 100
31 14
32 1
35 41
7 5
19 28
34 27
13 33
50 20
6 17
33 23
49 10
15 45
9 14
33 20
2 2
15 100
19 34
16 0
9 25
42 41
30 10
43 38
11 5
21 11
25 1
28 33
24 26
43 13
45 26
2 27
47 4
15 100
3 15
12 44
15 46
18 31
36 48
42 29
10 2
34 31
38 34
32 15
41 30
16 7
43 35
33 45
12 3
15 100
24 15
18 36
34 8
32 1
39 17
24 4
20 34
7 29
39 19
37 20
9 27
24 25
34 16
9 41
36 46
15 100
45 9
36 37
19 19
45 0
45 8
43 18
12 37
26 44
15 14
38 1
34 47
28 7
21 36
49 4
27 8
15 100
0 21
42 10
32 10
29 27
36 48
9 2
16 46
39 16
14 29
31 1
30 39
48 33
47 18
18 19
47 19
15 100
1 21
14 43
31 47
27 34
48 12
32 6
39 22
1 28
38 40
6 18
41 10
7 38
43 28
30 36
21 27
15 100
29 22
48 44
14 3
40 15
37 11
28 43
17 41
14 43
18 2
33 49
45 48
9 26
36 26
3 15
36 24
15 100
16 15
20 14
33 8
42 47
24 28
7 26
46 49
16 9
15 35
36 22
7 5
20 41
31 5
17 9
45 27
15 100
33 11
16 28
50 49
36 41
45 9
43 1
35 38
24 1
22 40
10 32
11 17
37 31
33 18
10 24
27 5
15 100
0 34
16 17
11 40
15 22
4 35
31 47
36 16
9 35
42 5
24 1
37 35
43 49
16 25
41 0
23 17
15 100
5 24
25 46
15 11
35 4
33 39
39 13
10 50
3 44
34 45
23 7
20 34
16 13
32 32
12 22
7 36
15 100
13 12
34 39
8 49
24 17
2 6
31 42
44 15
41 22
8 49
16 5
5 37
39 21
24 21
28 10
43 35
15 100
20 31
21 3
44 29
1 17
21 29
48 1
20 41
16 35
12 49
7 3
3 12
14 42
7 12
37 35
22 4
15 100
44 17
35 15
20 28
18 47
19 39
25 16
40 19
31 30
28 18
28 35
21 5
21 9
22 28
21 8
38 17
15 100
12 31
8 21
20 29
49 39
50 17
27 24
7 42
17 39
21 19
6 24
3 1
29 24
10 0
26 5
34 13
15 100
47 46
45 5
42 14
8 14
27 7
6 4
5 13
20 22
1 41
41 32
39 18
33 18
42 17
43 42
22 26
15 100
5 44
47 24
23 38
12 31
1 40
38 32
18 43
46 38
39 21
2 29
3 42
21 36
34 12
3 0
28 50
15 100
1 33
17 48
6 40
9 44
45 35
33 32
17 25
49 12
37 11
33 39
14 36
4 35
47 12
21 24
13 50
15 100
48 14
32 15
36 13
29 45
6 24
3 13
30 20
12 3
6 49
14 40
11 29
50 16
38 20
28 9
44 15
15 100
8 16
29 14
31 39
27 9
33 7
33 37
45 38
31 6
41 38
29 4
1 41
7 0
6 46
46 8
4 13
15 100
24 12
29 27
0 34
16 28
44 23
9 0
34 4
38 15
35 28
2 14
7 3
4 14
28 35
9 48
17 38
15 100
11 15
24 40
17 25
24 7
27 42
30 36
16 39
14 29
3 50
31 30
38 38
7 16
27 35
0 10
33 42
15 100
49 18
7 22
7 24
21 5
31 48
21 35
34 12
23 48
41 0
21 46
30 33
34 37
49 35
47 23
45 3
15 100
15 17
21 22
14 2
20 35
33 25
33 3
34 41
40 7
12 30
7 34
26 38
16 34
49 40
43 45
12 11
15 100
48 27
29 18
23 17
46 17
1 28
16 8
31 0
23 21
7 36
25 39
44 25
26 34
33 50
23 25
44 10
15 100
11 16
37 14
8 35
31 3
26 6
31 43
15 37
43 12
32 50
48 31
38 15
6 39
50 13
12 47
13 5
15 100
6 24
21 18
38 4
2 18
7 28
49 39
20 38
50 12
0 31
36 48
11 49
38 42
11 37
5 23
33 18
15 100
2 40
16 49
7 3
2 34
46 9
36 44
22 6
6 21
43 6
1 3
28 38
26 15
29 11
1 8
34 9
15 100
26 10
23 16
8 4
44 10
38 39
45 48
7 16
28 13
12 21
44 38
49 21
25 49
37 29
9 12
37 17
15 100
46 38
27 18
3 36
47 48
20 8
10 39
6 42
30 34
4 42
29 48
3 27
44 29
50 4
7 8
16 18
15 100
25 37
5 2
4 34
12 26
31 6
34 15
20 40
7 50
24 36
15 2
34 18
4 1
21 3
5 2
12 46
15 100
21 11
32 0
38 11
34 24
37 39
31 45
29 25
35 36
24 33
21 13
35 29
5 13
30 27
17 9
29 3
15 100
5 24
39 11
50 27
47 7
0 7
21 5
2 50
30 37
35 28
19 30
41 28
9 47
16 13
48 7
48 0
15 100
10 27
50 23
12 49
50 9
5 25
16 0
30 18
50 35
29 8
12 22
39 28
25 22
24 41
9 46
48 6
15 100
46 32
7 45
4 20
17 29
29 48
3 19
48 33
12 48
17 41
5 4
38 18
32 37
40 30
27 24
25 49
15 100
30 45
4 12
14 8
32 31
37 35
2 14
3 0
48 15
22 39
31 27
17 18
20 49
29 9
28 5
33 27
15 100
28 38
47 32
50 10
14 5
15 1
40 18
40 43
18 37
33 40
0 13
41 17
5 10
41 34
45 43
13 1
15 100
20 41
39 16
47 12
0 10
17 15
36 6
33 26
24 25
37 6
39 37
44 4
29 23
39 19
6 33
36 44
15 100
35 5
8 48
46 4
10 20
14 1
36 0
33 43
0 6
43 37
37 5
49 30
9 1
2 49
45 33
5 30
15 100
26 14
10 34
12 5
12 47
0 0
48 36
25 30
2 25
10 19
12 47
25 35
26 34
36 2
6 30
9 37
15 100
9 35
0 19
43 12
50 29
33 50
30 31
9 4
35 36
4 46
5 16
42 30
25 43
38 10
19 19
40 29
15 100
5 49
38 5
43 5
43 42
34 25
15 38
30 24
43 15
9 47
35 39
37 26
18 36
43 6
46 37
25 35
15 100
40 4
7 27
9 50
32 1
15 41
1 30
28 31
28 45
46 12
15 30
0 1
31 44
11 48
50 6
8 49
15 100
15 48
27 23
25 36
47 31
12 37
21 13
41 50
18 19
44 39
31 9
43 5
35 23
49 21
46 22
27 3
15 100
45 43
1 21
40 0
32 10
31 44
47 27
31 38
0 23
31 18
11 36
1 4
41 11
27 40
32 47
36 8
15 100
25 31
25 0
26 14
0 7
25 5
25 46
32 30
33 6
3 13
25 14
49 26
18 14
37 20
28 18
16 13
15 100
1 15
18 26
15 45
41 15
1 40
46 1
9 1
31 43
8 34
30 33
49 3
33 41
42 20
10 19
12 1
15 100
32 13
16 25
40 6
19 4
21 45
18 41
46 27
43 1
44 0
35 24
7 7
1 40
49 43
34 33
36 47
15 100
8 42
9 50
16 23
5 9
27 0
4 45
42 24
22 34
25 15
8 35
13 40
42 39
29 14
5 13
22 41
15 100
34 30
7 17
29 23
41 34
33 42
35 11
37 0
35 33
8 35
22 16
19 10
5 35
49 8
50 29
46 21
15 100
44 3
0 0
21 4
49 11
12 5
2 21
41 13
21 50
46 29
34 43
19 27
2 49
12 25
32 36
3 27
15 100
6 22
31 31
22 26
9 45
11 22
24 38
43 14
1 14
14 21
17 48
13 11
25 40
34 11
15 15
47 43
15 100
17 2
14 22
7 11
48 17
30 8
13 4
46 5
18 21
44 6
17 11
4 30
47 3
45 30
39 9
46 35
15 100
1 12
11 41
8 18
1 5
9 31
38 47
9 7
2 28
29 46
34 46
31 12
50 27
40 18
32 28
27 27
15 100
12 3
13 48
18 21
16 44
0 50
49 38
47 8
19 23
10 48
43 18
17 24
31 42
25 45
9 6
48 11
15 100
7 9
39 20
32 31
15 22
24 15
21 22
27 42
30 47
39 14
18 32
33 10
5 38
26 4
32 9
36 3
